2009-11-12 04:39:27 (MST)	2 Warning	imagejpeg() [<a href='function.imagejpeg'>function.imagejpeg</a>]: Unable to open '/home2/shmaliym/public_html/www.psk.dp.ua/images/stories/goods/_thumbs/_jpg' for writing: No such file or directory	File: fns_tinybrowser.php	Line: 113	
2010-10-17 15:06:13 (EEST)	8192 	Function sql_regcase() is deprecated	File: fns_tinybrowser.php	Line: 355	
2010-10-17 15:06:13 (EEST)	8192 	Function sql_regcase() is deprecated	File: fns_tinybrowser.php	Line: 355	
2010-10-17 15:06:13 (EEST)	8192 	Function sql_regcase() is deprecated	File: fns_tinybrowser.php	Line: 355	
2010-10-17 15:06:13 (EEST)	8192 	Function sql_regcase() is deprecated	File: fns_tinybrowser.php	Line: 355	
2010-10-17 15:06:13 (EEST)	8192 	Function sql_regcase() is deprecated	File: fns_tinybrowser.php	Line: 371	
2010-10-17 15:06:13 (EEST)	8192 	Function sql_regcase() is deprecated	File: fns_tinybrowser.php	Line: 371	
2010-10-17 15:06:13 (EEST)	8192 	Function sql_regcase() is deprecated	File: fns_tinybrowser.php	Line: 371	
2010-10-17 15:06:13 (EEST)	8192 	Function sql_regcase() is deprecated	File: fns_tinybrowser.php	Line: 371	
2010-10-17 15:06:15 (EEST)	8192 	Function sql_regcase() is deprecated	File: fns_tinybrowser.php	Line: 355	
2010-10-17 15:06:15 (EEST)	8192 	Function sql_regcase() is deprecated	File: fns_tinybrowser.php	Line: 355	
2010-10-17 15:06:15 (EEST)	8192 	Function sql_regcase() is deprecated	File: fns_tinybrowser.php	Line: 355	
2010-10-17 15:06:15 (EEST)	8192 	Function sql_regcase() is deprecated	File: fns_tinybrowser.php	Line: 355	
2010-10-17 15:06:15 (EEST)	8192 	Function sql_regcase() is deprecated	File: fns_tinybrowser.php	Line: 371	
2010-10-17 15:06:15 (EEST)	8192 	Function sql_regcase() is deprecated	File: fns_tinybrowser.php	Line: 371	
2010-10-17 15:06:15 (EEST)	8192 	Function sql_regcase() is deprecated	File: fns_tinybrowser.php	Line: 371	
2010-10-17 15:06:15 (EEST)	8192 	Function sql_regcase() is deprecated	File: fns_tinybrowser.php	Line: 371	
2010-10-17 15:06:26 (EEST)	8192 	Function sql_regcase() is deprecated	File: fns_tinybrowser.php	Line: 355	
2010-10-17 15:06:26 (EEST)	8192 	Function sql_regcase() is deprecated	File: fns_tinybrowser.php	Line: 355	
2010-10-17 15:06:26 (EEST)	8192 	Function sql_regcase() is deprecated	File: fns_tinybrowser.php	Line: 355	
2010-10-17 15:06:26 (EEST)	8192 	Function sql_regcase() is deprecated	File: fns_tinybrowser.php	Line: 355	
2010-10-17 15:06:26 (EEST)	8192 	Function sql_regcase() is deprecated	File: fns_tinybrowser.php	Line: 371	
2010-10-17 15:06:26 (EEST)	8192 	Function sql_regcase() is deprecated	File: fns_tinybrowser.php	Line: 371	
2010-10-17 15:06:26 (EEST)	8192 	Function sql_regcase() is deprecated	File: fns_tinybrowser.php	Line: 371	
2010-10-17 15:06:26 (EEST)	8192 	Function sql_regcase() is deprecated	File: fns_tinybrowser.php	Line: 371	
2010-10-18 12:10:57 (EEST)	8192 	Function sql_regcase() is deprecated	File: fns_tinybrowser.php	Line: 355	
2010-10-18 12:10:57 (EEST)	8192 	Function sql_regcase() is deprecated	File: fns_tinybrowser.php	Line: 371	
2010-10-18 12:11:07 (EEST)	8192 	Function sql_regcase() is deprecated	File: fns_tinybrowser.php	Line: 355	
2010-10-18 12:11:07 (EEST)	8192 	Function sql_regcase() is deprecated	File: fns_tinybrowser.php	Line: 371	
2010-10-18 12:11:10 (EEST)	8192 	Function sql_regcase() is deprecated	File: fns_tinybrowser.php	Line: 355	
2010-10-18 12:11:10 (EEST)	8192 	Function sql_regcase() is deprecated	File: fns_tinybrowser.php	Line: 371	
2010-10-18 12:11:12 (EEST)	8192 	Function sql_regcase() is deprecated	File: fns_tinybrowser.php	Line: 355	
2010-10-18 12:11:12 (EEST)	8192 	Function sql_regcase() is deprecated	File: fns_tinybrowser.php	Line: 371	
2010-10-18 12:11:26 (EEST)	8192 	Function sql_regcase() is deprecated	File: fns_tinybrowser.php	Line: 355	
2010-10-18 12:11:26 (EEST)	8192 	Function sql_regcase() is deprecated	File: fns_tinybrowser.php	Line: 371	
2010-10-18 12:11:29 (EEST)	8192 	Function sql_regcase() is deprecated	File: fns_tinybrowser.php	Line: 355	
2010-10-18 12:11:29 (EEST)	8192 	Function sql_regcase() is deprecated	File: fns_tinybrowser.php	Line: 371	
2010-10-18 12:11:34 (EEST)	8192 	Function sql_regcase() is deprecated	File: fns_tinybrowser.php	Line: 355	
2010-10-18 12:11:34 (EEST)	8192 	Function sql_regcase() is deprecated	File: fns_tinybrowser.php	Line: 371	
2010-10-18 12:11:39 (EEST)	8192 	Function sql_regcase() is deprecated	File: fns_tinybrowser.php	Line: 355	
2010-10-18 12:11:39 (EEST)	8192 	Function sql_regcase() is deprecated	File: fns_tinybrowser.php	Line: 371	
2010-10-18 12:11:41 (EEST)	8192 	Function sql_regcase() is deprecated	File: fns_tinybrowser.php	Line: 355	
2010-10-18 12:11:41 (EEST)	8192 	Function sql_regcase() is deprecated	File: fns_tinybrowser.php	Line: 371	
2010-10-18 12:11:43 (EEST)	8192 	Function sql_regcase() is deprecated	File: fns_tinybrowser.php	Line: 355	
2010-10-18 12:11:43 (EEST)	8192 	Function sql_regcase() is deprecated	File: fns_tinybrowser.php	Line: 371	
2010-10-19 15:52:05 (EEST)	8192 	Function sql_regcase() is deprecated	File: fns_tinybrowser.php	Line: 355	
2010-10-19 15:52:05 (EEST)	8192 	Function sql_regcase() is deprecated	File: fns_tinybrowser.php	Line: 355	
2010-10-19 15:52:05 (EEST)	8192 	Function sql_regcase() is deprecated	File: fns_tinybrowser.php	Line: 355	
2010-10-19 15:52:05 (EEST)	8192 	Function sql_regcase() is deprecated	File: fns_tinybrowser.php	Line: 355	
2010-10-19 15:52:05 (EEST)	8192 	Function sql_regcase() is deprecated	File: fns_tinybrowser.php	Line: 371	
2010-10-19 15:52:05 (EEST)	8192 	Function sql_regcase() is deprecated	File: fns_tinybrowser.php	Line: 371	
2010-10-19 15:52:05 (EEST)	8192 	Function sql_regcase() is deprecated	File: fns_tinybrowser.php	Line: 371	
2010-10-19 15:52:05 (EEST)	8192 	Function sql_regcase() is deprecated	File: fns_tinybrowser.php	Line: 371	
2010-10-19 15:52:05 (EEST)	8192 	Function sql_regcase() is deprecated	File: fns_tinybrowser.php	Line: 371	
2010-10-19 15:52:05 (EEST)	8192 	Function sql_regcase() is deprecated	File: fns_tinybrowser.php	Line: 371	
2010-10-19 15:52:05 (EEST)	8192 	Function sql_regcase() is deprecated	File: fns_tinybrowser.php	Line: 371	
2010-10-19 15:52:05 (EEST)	8192 	Function sql_regcase() is deprecated	File: fns_tinybrowser.php	Line: 371	
2010-10-19 15:52:05 (EEST)	8192 	Function sql_regcase() is deprecated	File: fns_tinybrowser.php	Line: 371	
2010-10-19 15:52:05 (EEST)	8192 	Function sql_regcase() is deprecated	File: fns_tinybrowser.php	Line: 371	
2010-10-19 15:52:05 (EEST)	8192 	Function sql_regcase() is deprecated	File: fns_tinybrowser.php	Line: 371	
2010-10-19 15:52:05 (EEST)	8192 	Function sql_regcase() is deprecated	File: fns_tinybrowser.php	Line: 371	
2010-10-19 15:52:05 (EEST)	8192 	Function sql_regcase() is deprecated	File: fns_tinybrowser.php	Line: 371	
2010-10-19 15:52:05 (EEST)	8192 	Function sql_regcase() is deprecated	File: fns_tinybrowser.php	Line: 371	
2010-10-19 15:52:05 (EEST)	8192 	Function sql_regcase() is deprecated	File: fns_tinybrowser.php	Line: 371	
2010-10-19 15:52:05 (EEST)	8192 	Function sql_regcase() is deprecated	File: fns_tinybrowser.php	Line: 371	
2010-10-19 15:52:05 (EEST)	8192 	Function sql_regcase() is deprecated	File: fns_tinybrowser.php	Line: 371	
2010-10-19 15:52:05 (EEST)	8192 	Function sql_regcase() is deprecated	File: fns_tinybrowser.php	Line: 371	
2010-10-19 15:52:05 (EEST)	8192 	Function sql_regcase() is deprecated	File: fns_tinybrowser.php	Line: 371	
2010-10-19 15:52:05 (EEST)	8192 	Function sql_regcase() is deprecated	File: fns_tinybrowser.php	Line: 371	
2010-10-19 15:52:05 (EEST)	8192 	Function sql_regcase() is deprecated	File: fns_tinybrowser.php	Line: 371	
2010-10-19 15:52:05 (EEST)	8192 	Function sql_regcase() is deprecated	File: fns_tinybrowser.php	Line: 371	
2010-10-19 15:52:05 (EEST)	8192 	Function sql_regcase() is deprecated	File: fns_tinybrowser.php	Line: 371	
2010-10-19 15:52:05 (EEST)	8192 	Function sql_regcase() is deprecated	File: fns_tinybrowser.php	Line: 371	
2011-03-21 22:10:48 (MSK)	8192 	Function sql_regcase() is deprecated	File: fns_tinybrowser.php	Line: 355	
2011-03-21 22:10:48 (MSK)	8192 	Function sql_regcase() is deprecated	File: fns_tinybrowser.php	Line: 355	
2011-03-21 22:10:48 (MSK)	8192 	Function sql_regcase() is deprecated	File: fns_tinybrowser.php	Line: 355	
2011-03-21 22:10:48 (MSK)	8192 	Function sql_regcase() is deprecated	File: fns_tinybrowser.php	Line: 355	
2011-03-21 22:10:48 (MSK)	8192 	Function sql_regcase() is deprecated	File: fns_tinybrowser.php	Line: 371	
2011-03-21 22:10:48 (MSK)	8192 	Function sql_regcase() is deprecated	File: fns_tinybrowser.php	Line: 371	
2011-03-21 22:10:48 (MSK)	8192 	Function sql_regcase() is deprecated	File: fns_tinybrowser.php	Line: 371	
2011-03-21 22:10:48 (MSK)	8192 	Function sql_regcase() is deprecated	File: fns_tinybrowser.php	Line: 371	
2011-03-21 22:10:48 (MSK)	8192 	Function sql_regcase() is deprecated	File: fns_tinybrowser.php	Line: 371	
2011-03-21 22:10:48 (MSK)	8192 	Function sql_regcase() is deprecated	File: fns_tinybrowser.php	Line: 371	
2011-03-21 22:10:48 (MSK)	8192 	Function sql_regcase() is deprecated	File: fns_tinybrowser.php	Line: 371	
2011-03-21 22:10:48 (MSK)	8192 	Function sql_regcase() is deprecated	File: fns_tinybrowser.php	Line: 371	
2011-03-21 22:10:54 (MSK)	8192 	Function sql_regcase() is deprecated	File: fns_tinybrowser.php	Line: 355	
2011-03-21 22:10:54 (MSK)	8192 	Function sql_regcase() is deprecated	File: fns_tinybrowser.php	Line: 355	
2011-03-21 22:10:54 (MSK)	8192 	Function sql_regcase() is deprecated	File: fns_tinybrowser.php	Line: 355	
2011-03-21 22:10:54 (MSK)	8192 	Function sql_regcase() is deprecated	File: fns_tinybrowser.php	Line: 355	
2011-03-21 22:10:54 (MSK)	8192 	Function sql_regcase() is deprecated	File: fns_tinybrowser.php	Line: 371	
2011-03-21 22:10:54 (MSK)	8192 	Function sql_regcase() is deprecated	File: fns_tinybrowser.php	Line: 371	
2011-03-21 22:10:54 (MSK)	8192 	Function sql_regcase() is deprecated	File: fns_tinybrowser.php	Line: 371	
2011-03-21 22:10:54 (MSK)	8192 	Function sql_regcase() is deprecated	File: fns_tinybrowser.php	Line: 371	
2011-03-21 22:10:54 (MSK)	8192 	Function sql_regcase() is deprecated	File: fns_tinybrowser.php	Line: 371	
2011-03-21 22:10:54 (MSK)	8192 	Function sql_regcase() is deprecated	File: fns_tinybrowser.php	Line: 371	
2011-03-21 22:10:54 (MSK)	8192 	Function sql_regcase() is deprecated	File: fns_tinybrowser.php	Line: 371	
2011-03-21 22:10:54 (MSK)	8192 	Function sql_regcase() is deprecated	File: fns_tinybrowser.php	Line: 371	
2011-03-21 22:19:02 (MSK)	8192 	Function sql_regcase() is deprecated	File: fns_tinybrowser.php	Line: 355	
2011-03-21 22:19:02 (MSK)	8192 	Function sql_regcase() is deprecated	File: fns_tinybrowser.php	Line: 355	
2011-03-21 22:19:02 (MSK)	8192 	Function sql_regcase() is deprecated	File: fns_tinybrowser.php	Line: 355	
2011-03-21 22:19:02 (MSK)	8192 	Function sql_regcase() is deprecated	File: fns_tinybrowser.php	Line: 355	
2011-03-21 22:19:02 (MSK)	8192 	Function sql_regcase() is deprecated	File: fns_tinybrowser.php	Line: 371	
2011-03-21 22:19:02 (MSK)	8192 	Function sql_regcase() is deprecated	File: fns_tinybrowser.php	Line: 371	
2011-03-21 22:19:02 (MSK)	8192 	Function sql_regcase() is deprecated	File: fns_tinybrowser.php	Line: 371	
2011-03-21 22:19:02 (MSK)	8192 	Function sql_regcase() is deprecated	File: fns_tinybrowser.php	Line: 371	
2011-03-21 22:19:02 (MSK)	8192 	Function sql_regcase() is deprecated	File: fns_tinybrowser.php	Line: 371	
2011-03-21 22:19:02 (MSK)	8192 	Function sql_regcase() is deprecated	File: fns_tinybrowser.php	Line: 371	
2011-03-21 22:19:02 (MSK)	8192 	Function sql_regcase() is deprecated	File: fns_tinybrowser.php	Line: 371	
2011-03-21 22:19:02 (MSK)	8192 	Function sql_regcase() is deprecated	File: fns_tinybrowser.php	Line: 371	
2011-03-21 22:19:04 (MSK)	8192 	Function sql_regcase() is deprecated	File: fns_tinybrowser.php	Line: 355	
2011-03-21 22:19:04 (MSK)	8192 	Function sql_regcase() is deprecated	File: fns_tinybrowser.php	Line: 355	
2011-03-21 22:19:04 (MSK)	8192 	Function sql_regcase() is deprecated	File: fns_tinybrowser.php	Line: 355	
2011-03-21 22:19:04 (MSK)	8192 	Function sql_regcase() is deprecated	File: fns_tinybrowser.php	Line: 355	
2011-03-21 22:19:04 (MSK)	8192 	Function sql_regcase() is deprecated	File: fns_tinybrowser.php	Line: 371	
2011-03-21 22:19:04 (MSK)	8192 	Function sql_regcase() is deprecated	File: fns_tinybrowser.php	Line: 371	
2011-03-21 22:19:04 (MSK)	8192 	Function sql_regcase() is deprecated	File: fns_tinybrowser.php	Line: 371	
2011-03-21 22:19:04 (MSK)	8192 	Function sql_regcase() is deprecated	File: fns_tinybrowser.php	Line: 371	
2011-03-21 22:19:04 (MSK)	8192 	Function sql_regcase() is deprecated	File: fns_tinybrowser.php	Line: 371	
2011-03-21 22:19:04 (MSK)	8192 	Function sql_regcase() is deprecated	File: fns_tinybrowser.php	Line: 371	
2011-03-21 22:19:04 (MSK)	8192 	Function sql_regcase() is deprecated	File: fns_tinybrowser.php	Line: 371	
2011-03-21 22:19:04 (MSK)	8192 	Function sql_regcase() is deprecated	File: fns_tinybrowser.php	Line: 371	
2011-03-21 22:19:42 (MSK)	8192 	Function sql_regcase() is deprecated	File: fns_tinybrowser.php	Line: 355	
2011-03-21 22:19:42 (MSK)	8192 	Function sql_regcase() is deprecated	File: fns_tinybrowser.php	Line: 355	
2011-03-21 22:19:42 (MSK)	8192 	Function sql_regcase() is deprecated	File: fns_tinybrowser.php	Line: 355	
2011-03-21 22:19:42 (MSK)	8192 	Function sql_regcase() is deprecated	File: fns_tinybrowser.php	Line: 355	
2011-03-21 22:19:42 (MSK)	8192 	Function sql_regcase() is deprecated	File: fns_tinybrowser.php	Line: 371	
2011-03-21 22:19:42 (MSK)	8192 	Function sql_regcase() is deprecated	File: fns_tinybrowser.php	Line: 371	
2011-03-21 22:19:42 (MSK)	8192 	Function sql_regcase() is deprecated	File: fns_tinybrowser.php	Line: 371	
2011-03-21 22:19:42 (MSK)	8192 	Function sql_regcase() is deprecated	File: fns_tinybrowser.php	Line: 371	
2011-03-21 22:19:42 (MSK)	8192 	Function sql_regcase() is deprecated	File: fns_tinybrowser.php	Line: 371	
2011-03-21 22:19:42 (MSK)	8192 	Function sql_regcase() is deprecated	File: fns_tinybrowser.php	Line: 371	
2011-03-21 22:19:42 (MSK)	8192 	Function sql_regcase() is deprecated	File: fns_tinybrowser.php	Line: 371	
2011-03-21 22:19:42 (MSK)	8192 	Function sql_regcase() is deprecated	File: fns_tinybrowser.php	Line: 371	
2011-03-21 22:19:44 (MSK)	8192 	Function sql_regcase() is deprecated	File: fns_tinybrowser.php	Line: 355	
2011-03-21 22:19:44 (MSK)	8192 	Function sql_regcase() is deprecated	File: fns_tinybrowser.php	Line: 355	
2011-03-21 22:19:44 (MSK)	8192 	Function sql_regcase() is deprecated	File: fns_tinybrowser.php	Line: 355	
2011-03-21 22:19:44 (MSK)	8192 	Function sql_regcase() is deprecated	File: fns_tinybrowser.php	Line: 355	
2011-03-21 22:19:44 (MSK)	8192 	Function sql_regcase() is deprecated	File: fns_tinybrowser.php	Line: 371	
2011-03-21 22:19:44 (MSK)	8192 	Function sql_regcase() is deprecated	File: fns_tinybrowser.php	Line: 371	
2011-03-21 22:19:44 (MSK)	8192 	Function sql_regcase() is deprecated	File: fns_tinybrowser.php	Line: 371	
2011-03-21 22:19:44 (MSK)	8192 	Function sql_regcase() is deprecated	File: fns_tinybrowser.php	Line: 371	
2011-03-21 22:19:44 (MSK)	8192 	Function sql_regcase() is deprecated	File: fns_tinybrowser.php	Line: 371	
2011-03-21 22:19:44 (MSK)	8192 	Function sql_regcase() is deprecated	File: fns_tinybrowser.php	Line: 371	
2011-03-21 22:19:44 (MSK)	8192 	Function sql_regcase() is deprecated	File: fns_tinybrowser.php	Line: 371	
2011-03-21 22:19:44 (MSK)	8192 	Function sql_regcase() is deprecated	File: fns_tinybrowser.php	Line: 371	
2011-03-21 22:20:02 (MSK)	8192 	Function sql_regcase() is deprecated	File: fns_tinybrowser.php	Line: 355	
2011-03-21 22:20:02 (MSK)	8192 	Function sql_regcase() is deprecated	File: fns_tinybrowser.php	Line: 355	
2011-03-21 22:20:02 (MSK)	8192 	Function sql_regcase() is deprecated	File: fns_tinybrowser.php	Line: 355	
2011-03-21 22:20:02 (MSK)	8192 	Function sql_regcase() is deprecated	File: fns_tinybrowser.php	Line: 355	
2011-03-21 22:20:02 (MSK)	8192 	Function sql_regcase() is deprecated	File: fns_tinybrowser.php	Line: 371	
2011-03-21 22:20:02 (MSK)	8192 	Function sql_regcase() is deprecated	File: fns_tinybrowser.php	Line: 371	
2011-03-21 22:20:02 (MSK)	8192 	Function sql_regcase() is deprecated	File: fns_tinybrowser.php	Line: 371	
2011-03-21 22:20:02 (MSK)	8192 	Function sql_regcase() is deprecated	File: fns_tinybrowser.php	Line: 371	
2011-03-21 22:20:02 (MSK)	8192 	Function sql_regcase() is deprecated	File: fns_tinybrowser.php	Line: 371	
2011-03-21 22:20:02 (MSK)	8192 	Function sql_regcase() is deprecated	File: fns_tinybrowser.php	Line: 371	
2011-03-21 22:20:02 (MSK)	8192 	Function sql_regcase() is deprecated	File: fns_tinybrowser.php	Line: 371	
2011-03-21 22:20:02 (MSK)	8192 	Function sql_regcase() is deprecated	File: fns_tinybrowser.php	Line: 371	
2011-03-21 22:20:07 (MSK)	8192 	Function sql_regcase() is deprecated	File: fns_tinybrowser.php	Line: 355	
2011-03-21 22:20:07 (MSK)	8192 	Function sql_regcase() is deprecated	File: fns_tinybrowser.php	Line: 355	
2011-03-21 22:20:07 (MSK)	8192 	Function sql_regcase() is deprecated	File: fns_tinybrowser.php	Line: 355	
2011-03-21 22:20:07 (MSK)	8192 	Function sql_regcase() is deprecated	File: fns_tinybrowser.php	Line: 355	
2011-03-21 22:20:07 (MSK)	8192 	Function sql_regcase() is deprecated	File: fns_tinybrowser.php	Line: 371	
2011-03-21 22:20:07 (MSK)	8192 	Function sql_regcase() is deprecated	File: fns_tinybrowser.php	Line: 371	
2011-03-21 22:20:07 (MSK)	8192 	Function sql_regcase() is deprecated	File: fns_tinybrowser.php	Line: 371	
2011-03-21 22:20:07 (MSK)	8192 	Function sql_regcase() is deprecated	File: fns_tinybrowser.php	Line: 371	
2011-03-21 22:20:07 (MSK)	8192 	Function sql_regcase() is deprecated	File: fns_tinybrowser.php	Line: 371	
2011-03-21 22:20:07 (MSK)	8192 	Function sql_regcase() is deprecated	File: fns_tinybrowser.php	Line: 371	
2011-03-21 22:20:07 (MSK)	8192 	Function sql_regcase() is deprecated	File: fns_tinybrowser.php	Line: 371	
2011-03-21 22:20:07 (MSK)	8192 	Function sql_regcase() is deprecated	File: fns_tinybrowser.php	Line: 371	
2011-03-21 22:20:23 (MSK)	8192 	Function sql_regcase() is deprecated	File: fns_tinybrowser.php	Line: 355	
2011-03-21 22:20:23 (MSK)	8192 	Function sql_regcase() is deprecated	File: fns_tinybrowser.php	Line: 355	
2011-03-21 22:20:23 (MSK)	8192 	Function sql_regcase() is deprecated	File: fns_tinybrowser.php	Line: 355	
2011-03-21 22:20:23 (MSK)	8192 	Function sql_regcase() is deprecated	File: fns_tinybrowser.php	Line: 355	
2011-03-21 22:20:23 (MSK)	8192 	Function sql_regcase() is deprecated	File: fns_tinybrowser.php	Line: 371	
2011-03-21 22:20:23 (MSK)	8192 	Function sql_regcase() is deprecated	File: fns_tinybrowser.php	Line: 371	
2011-03-21 22:20:23 (MSK)	8192 	Function sql_regcase() is deprecated	File: fns_tinybrowser.php	Line: 371	
2011-03-21 22:20:23 (MSK)	8192 	Function sql_regcase() is deprecated	File: fns_tinybrowser.php	Line: 371	
2011-03-21 22:20:23 (MSK)	8192 	Function sql_regcase() is deprecated	File: fns_tinybrowser.php	Line: 371	
2011-03-21 22:20:23 (MSK)	8192 	Function sql_regcase() is deprecated	File: fns_tinybrowser.php	Line: 371	
2011-03-21 22:20:23 (MSK)	8192 	Function sql_regcase() is deprecated	File: fns_tinybrowser.php	Line: 371	
2011-03-21 22:20:23 (MSK)	8192 	Function sql_regcase() is deprecated	File: fns_tinybrowser.php	Line: 371	
2011-03-21 22:20:25 (MSK)	8192 	Function sql_regcase() is deprecated	File: fns_tinybrowser.php	Line: 355	
2011-03-21 22:20:25 (MSK)	8192 	Function sql_regcase() is deprecated	File: fns_tinybrowser.php	Line: 355	
2011-03-21 22:20:25 (MSK)	8192 	Function sql_regcase() is deprecated	File: fns_tinybrowser.php	Line: 355	
2011-03-21 22:20:25 (MSK)	8192 	Function sql_regcase() is deprecated	File: fns_tinybrowser.php	Line: 355	
2011-03-21 22:20:25 (MSK)	8192 	Function sql_regcase() is deprecated	File: fns_tinybrowser.php	Line: 371	
2011-03-21 22:20:25 (MSK)	8192 	Function sql_regcase() is deprecated	File: fns_tinybrowser.php	Line: 371	
2011-03-21 22:20:25 (MSK)	8192 	Function sql_regcase() is deprecated	File: fns_tinybrowser.php	Line: 371	
2011-03-21 22:20:25 (MSK)	8192 	Function sql_regcase() is deprecated	File: fns_tinybrowser.php	Line: 371	
2011-03-21 22:20:25 (MSK)	8192 	Function sql_regcase() is deprecated	File: fns_tinybrowser.php	Line: 371	
2011-03-21 22:20:25 (MSK)	8192 	Function sql_regcase() is deprecated	File: fns_tinybrowser.php	Line: 371	
2011-03-21 22:20:25 (MSK)	8192 	Function sql_regcase() is deprecated	File: fns_tinybrowser.php	Line: 371	
2011-03-21 22:20:25 (MSK)	8192 	Function sql_regcase() is deprecated	File: fns_tinybrowser.php	Line: 371	
2011-03-21 22:20:41 (MSK)	8192 	Function sql_regcase() is deprecated	File: fns_tinybrowser.php	Line: 355	
2011-03-21 22:20:41 (MSK)	8192 	Function sql_regcase() is deprecated	File: fns_tinybrowser.php	Line: 355	
2011-03-21 22:20:41 (MSK)	8192 	Function sql_regcase() is deprecated	File: fns_tinybrowser.php	Line: 355	
2011-03-21 22:20:41 (MSK)	8192 	Function sql_regcase() is deprecated	File: fns_tinybrowser.php	Line: 355	
2011-03-21 22:20:41 (MSK)	8192 	Function sql_regcase() is deprecated	File: fns_tinybrowser.php	Line: 371	
2011-03-21 22:20:41 (MSK)	8192 	Function sql_regcase() is deprecated	File: fns_tinybrowser.php	Line: 371	
2011-03-21 22:20:41 (MSK)	8192 	Function sql_regcase() is deprecated	File: fns_tinybrowser.php	Line: 371	
2011-03-21 22:20:41 (MSK)	8192 	Function sql_regcase() is deprecated	File: fns_tinybrowser.php	Line: 371	
2011-03-21 22:20:41 (MSK)	8192 	Function sql_regcase() is deprecated	File: fns_tinybrowser.php	Line: 371	
2011-03-21 22:20:41 (MSK)	8192 	Function sql_regcase() is deprecated	File: fns_tinybrowser.php	Line: 371	
2011-03-21 22:20:41 (MSK)	8192 	Function sql_regcase() is deprecated	File: fns_tinybrowser.php	Line: 371	
2011-03-21 22:20:41 (MSK)	8192 	Function sql_regcase() is deprecated	File: fns_tinybrowser.php	Line: 371	
2011-03-21 22:20:43 (MSK)	8192 	Function sql_regcase() is deprecated	File: fns_tinybrowser.php	Line: 355	
2011-03-21 22:20:43 (MSK)	8192 	Function sql_regcase() is deprecated	File: fns_tinybrowser.php	Line: 355	
2011-03-21 22:20:43 (MSK)	8192 	Function sql_regcase() is deprecated	File: fns_tinybrowser.php	Line: 355	
2011-03-21 22:20:43 (MSK)	8192 	Function sql_regcase() is deprecated	File: fns_tinybrowser.php	Line: 355	
2011-03-21 22:20:43 (MSK)	8192 	Function sql_regcase() is deprecated	File: fns_tinybrowser.php	Line: 371	
2011-03-21 22:20:43 (MSK)	8192 	Function sql_regcase() is deprecated	File: fns_tinybrowser.php	Line: 371	
2011-03-21 22:20:43 (MSK)	8192 	Function sql_regcase() is deprecated	File: fns_tinybrowser.php	Line: 371	
2011-03-21 22:20:43 (MSK)	8192 	Function sql_regcase() is deprecated	File: fns_tinybrowser.php	Line: 371	
2011-03-21 22:20:43 (MSK)	8192 	Function sql_regcase() is deprecated	File: fns_tinybrowser.php	Line: 371	
2011-03-21 22:20:43 (MSK)	8192 	Function sql_regcase() is deprecated	File: fns_tinybrowser.php	Line: 371	
2011-03-21 22:20:43 (MSK)	8192 	Function sql_regcase() is deprecated	File: fns_tinybrowser.php	Line: 371	
2011-03-21 22:20:43 (MSK)	8192 	Function sql_regcase() is deprecated	File: fns_tinybrowser.php	Line: 371	
2011-03-21 22:21:01 (MSK)	8192 	Function sql_regcase() is deprecated	File: fns_tinybrowser.php	Line: 355	
2011-03-21 22:21:01 (MSK)	8192 	Function sql_regcase() is deprecated	File: fns_tinybrowser.php	Line: 355	
2011-03-21 22:21:01 (MSK)	8192 	Function sql_regcase() is deprecated	File: fns_tinybrowser.php	Line: 355	
2011-03-21 22:21:01 (MSK)	8192 	Function sql_regcase() is deprecated	File: fns_tinybrowser.php	Line: 355	
2011-03-21 22:21:01 (MSK)	8192 	Function sql_regcase() is deprecated	File: fns_tinybrowser.php	Line: 371	
2011-03-21 22:21:01 (MSK)	8192 	Function sql_regcase() is deprecated	File: fns_tinybrowser.php	Line: 371	
2011-03-21 22:21:01 (MSK)	8192 	Function sql_regcase() is deprecated	File: fns_tinybrowser.php	Line: 371	
2011-03-21 22:21:01 (MSK)	8192 	Function sql_regcase() is deprecated	File: fns_tinybrowser.php	Line: 371	
2011-03-21 22:21:01 (MSK)	8192 	Function sql_regcase() is deprecated	File: fns_tinybrowser.php	Line: 371	
2011-03-21 22:21:01 (MSK)	8192 	Function sql_regcase() is deprecated	File: fns_tinybrowser.php	Line: 371	
2011-03-21 22:21:01 (MSK)	8192 	Function sql_regcase() is deprecated	File: fns_tinybrowser.php	Line: 371	
2011-03-21 22:21:01 (MSK)	8192 	Function sql_regcase() is deprecated	File: fns_tinybrowser.php	Line: 371	
2011-03-21 22:21:03 (MSK)	8192 	Function sql_regcase() is deprecated	File: fns_tinybrowser.php	Line: 355	
2011-03-21 22:21:03 (MSK)	8192 	Function sql_regcase() is deprecated	File: fns_tinybrowser.php	Line: 355	
2011-03-21 22:21:03 (MSK)	8192 	Function sql_regcase() is deprecated	File: fns_tinybrowser.php	Line: 355	
2011-03-21 22:21:03 (MSK)	8192 	Function sql_regcase() is deprecated	File: fns_tinybrowser.php	Line: 355	
2011-03-21 22:21:03 (MSK)	8192 	Function sql_regcase() is deprecated	File: fns_tinybrowser.php	Line: 371	
2011-03-21 22:21:03 (MSK)	8192 	Function sql_regcase() is deprecated	File: fns_tinybrowser.php	Line: 371	
2011-03-21 22:21:03 (MSK)	8192 	Function sql_regcase() is deprecated	File: fns_tinybrowser.php	Line: 371	
2011-03-21 22:21:03 (MSK)	8192 	Function sql_regcase() is deprecated	File: fns_tinybrowser.php	Line: 371	
2011-03-21 22:21:03 (MSK)	8192 	Function sql_regcase() is deprecated	File: fns_tinybrowser.php	Line: 371	
2011-03-21 22:21:03 (MSK)	8192 	Function sql_regcase() is deprecated	File: fns_tinybrowser.php	Line: 371	
2011-03-21 22:21:03 (MSK)	8192 	Function sql_regcase() is deprecated	File: fns_tinybrowser.php	Line: 371	
2011-03-21 22:21:03 (MSK)	8192 	Function sql_regcase() is deprecated	File: fns_tinybrowser.php	Line: 371	
2011-03-21 22:21:19 (MSK)	8192 	Function sql_regcase() is deprecated	File: fns_tinybrowser.php	Line: 355	
2011-03-21 22:21:19 (MSK)	8192 	Function sql_regcase() is deprecated	File: fns_tinybrowser.php	Line: 355	
2011-03-21 22:21:19 (MSK)	8192 	Function sql_regcase() is deprecated	File: fns_tinybrowser.php	Line: 355	
2011-03-21 22:21:19 (MSK)	8192 	Function sql_regcase() is deprecated	File: fns_tinybrowser.php	Line: 355	
2011-03-21 22:21:19 (MSK)	8192 	Function sql_regcase() is deprecated	File: fns_tinybrowser.php	Line: 371	
2011-03-21 22:21:19 (MSK)	8192 	Function sql_regcase() is deprecated	File: fns_tinybrowser.php	Line: 371	
2011-03-21 22:21:19 (MSK)	8192 	Function sql_regcase() is deprecated	File: fns_tinybrowser.php	Line: 371	
2011-03-21 22:21:19 (MSK)	8192 	Function sql_regcase() is deprecated	File: fns_tinybrowser.php	Line: 371	
2011-03-21 22:21:19 (MSK)	8192 	Function sql_regcase() is deprecated	File: fns_tinybrowser.php	Line: 371	
2011-03-21 22:21:19 (MSK)	8192 	Function sql_regcase() is deprecated	File: fns_tinybrowser.php	Line: 371	
2011-03-21 22:21:19 (MSK)	8192 	Function sql_regcase() is deprecated	File: fns_tinybrowser.php	Line: 371	
2011-03-21 22:21:19 (MSK)	8192 	Function sql_regcase() is deprecated	File: fns_tinybrowser.php	Line: 371	
2011-03-21 22:21:21 (MSK)	8192 	Function sql_regcase() is deprecated	File: fns_tinybrowser.php	Line: 355	
2011-03-21 22:21:21 (MSK)	8192 	Function sql_regcase() is deprecated	File: fns_tinybrowser.php	Line: 355	
2011-03-21 22:21:21 (MSK)	8192 	Function sql_regcase() is deprecated	File: fns_tinybrowser.php	Line: 355	
2011-03-21 22:21:21 (MSK)	8192 	Function sql_regcase() is deprecated	File: fns_tinybrowser.php	Line: 355	
2011-03-21 22:21:21 (MSK)	8192 	Function sql_regcase() is deprecated	File: fns_tinybrowser.php	Line: 371	
2011-03-21 22:21:21 (MSK)	8192 	Function sql_regcase() is deprecated	File: fns_tinybrowser.php	Line: 371	
2011-03-21 22:21:21 (MSK)	8192 	Function sql_regcase() is deprecated	File: fns_tinybrowser.php	Line: 371	
2011-03-21 22:21:21 (MSK)	8192 	Function sql_regcase() is deprecated	File: fns_tinybrowser.php	Line: 371	
2011-03-21 22:21:21 (MSK)	8192 	Function sql_regcase() is deprecated	File: fns_tinybrowser.php	Line: 371	
2011-03-21 22:21:21 (MSK)	8192 	Function sql_regcase() is deprecated	File: fns_tinybrowser.php	Line: 371	
2011-03-21 22:21:21 (MSK)	8192 	Function sql_regcase() is deprecated	File: fns_tinybrowser.php	Line: 371	
2011-03-21 22:21:21 (MSK)	8192 	Function sql_regcase() is deprecated	File: fns_tinybrowser.php	Line: 371	
2011-03-21 22:21:38 (MSK)	8192 	Function sql_regcase() is deprecated	File: fns_tinybrowser.php	Line: 355	
2011-03-21 22:21:38 (MSK)	8192 	Function sql_regcase() is deprecated	File: fns_tinybrowser.php	Line: 355	
2011-03-21 22:21:38 (MSK)	8192 	Function sql_regcase() is deprecated	File: fns_tinybrowser.php	Line: 355	
2011-03-21 22:21:38 (MSK)	8192 	Function sql_regcase() is deprecated	File: fns_tinybrowser.php	Line: 355	
2011-03-21 22:21:38 (MSK)	8192 	Function sql_regcase() is deprecated	File: fns_tinybrowser.php	Line: 371	
2011-03-21 22:21:38 (MSK)	8192 	Function sql_regcase() is deprecated	File: fns_tinybrowser.php	Line: 371	
2011-03-21 22:21:38 (MSK)	8192 	Function sql_regcase() is deprecated	File: fns_tinybrowser.php	Line: 371	
2011-03-21 22:21:38 (MSK)	8192 	Function sql_regcase() is deprecated	File: fns_tinybrowser.php	Line: 371	
2011-03-21 22:21:38 (MSK)	8192 	Function sql_regcase() is deprecated	File: fns_tinybrowser.php	Line: 371	
2011-03-21 22:21:38 (MSK)	8192 	Function sql_regcase() is deprecated	File: fns_tinybrowser.php	Line: 371	
2011-03-21 22:21:38 (MSK)	8192 	Function sql_regcase() is deprecated	File: fns_tinybrowser.php	Line: 371	
2011-03-21 22:21:38 (MSK)	8192 	Function sql_regcase() is deprecated	File: fns_tinybrowser.php	Line: 371	
2011-03-21 22:21:43 (MSK)	8192 	Function sql_regcase() is deprecated	File: fns_tinybrowser.php	Line: 355	
2011-03-21 22:21:43 (MSK)	8192 	Function sql_regcase() is deprecated	File: fns_tinybrowser.php	Line: 355	
2011-03-21 22:21:43 (MSK)	8192 	Function sql_regcase() is deprecated	File: fns_tinybrowser.php	Line: 355	
2011-03-21 22:21:43 (MSK)	8192 	Function sql_regcase() is deprecated	File: fns_tinybrowser.php	Line: 355	
2011-03-21 22:21:43 (MSK)	8192 	Function sql_regcase() is deprecated	File: fns_tinybrowser.php	Line: 371	
2011-03-21 22:21:43 (MSK)	8192 	Function sql_regcase() is deprecated	File: fns_tinybrowser.php	Line: 371	
2011-03-21 22:21:43 (MSK)	8192 	Function sql_regcase() is deprecated	File: fns_tinybrowser.php	Line: 371	
2011-03-21 22:21:43 (MSK)	8192 	Function sql_regcase() is deprecated	File: fns_tinybrowser.php	Line: 371	
2011-03-21 22:21:43 (MSK)	8192 	Function sql_regcase() is deprecated	File: fns_tinybrowser.php	Line: 371	
2011-03-21 22:21:43 (MSK)	8192 	Function sql_regcase() is deprecated	File: fns_tinybrowser.php	Line: 371	
2011-03-21 22:21:43 (MSK)	8192 	Function sql_regcase() is deprecated	File: fns_tinybrowser.php	Line: 371	
2011-03-21 22:21:43 (MSK)	8192 	Function sql_regcase() is deprecated	File: fns_tinybrowser.php	Line: 371	
2011-03-21 22:22:04 (MSK)	8192 	Function sql_regcase() is deprecated	File: fns_tinybrowser.php	Line: 355	
2011-03-21 22:22:04 (MSK)	8192 	Function sql_regcase() is deprecated	File: fns_tinybrowser.php	Line: 355	
2011-03-21 22:22:04 (MSK)	8192 	Function sql_regcase() is deprecated	File: fns_tinybrowser.php	Line: 355	
2011-03-21 22:22:04 (MSK)	8192 	Function sql_regcase() is deprecated	File: fns_tinybrowser.php	Line: 355	
2011-03-21 22:22:04 (MSK)	8192 	Function sql_regcase() is deprecated	File: fns_tinybrowser.php	Line: 371	
2011-03-21 22:22:04 (MSK)	8192 	Function sql_regcase() is deprecated	File: fns_tinybrowser.php	Line: 371	
2011-03-21 22:22:04 (MSK)	8192 	Function sql_regcase() is deprecated	File: fns_tinybrowser.php	Line: 371	
2011-03-21 22:22:04 (MSK)	8192 	Function sql_regcase() is deprecated	File: fns_tinybrowser.php	Line: 371	
2011-03-21 22:22:04 (MSK)	8192 	Function sql_regcase() is deprecated	File: fns_tinybrowser.php	Line: 371	
2011-03-21 22:22:04 (MSK)	8192 	Function sql_regcase() is deprecated	File: fns_tinybrowser.php	Line: 371	
2011-03-21 22:22:04 (MSK)	8192 	Function sql_regcase() is deprecated	File: fns_tinybrowser.php	Line: 371	
2011-03-21 22:22:04 (MSK)	8192 	Function sql_regcase() is deprecated	File: fns_tinybrowser.php	Line: 371	
2011-03-21 22:22:14 (MSK)	8192 	Function sql_regcase() is deprecated	File: fns_tinybrowser.php	Line: 355	
2011-03-21 22:22:14 (MSK)	8192 	Function sql_regcase() is deprecated	File: fns_tinybrowser.php	Line: 355	
2011-03-21 22:22:14 (MSK)	8192 	Function sql_regcase() is deprecated	File: fns_tinybrowser.php	Line: 355	
2011-03-21 22:22:14 (MSK)	8192 	Function sql_regcase() is deprecated	File: fns_tinybrowser.php	Line: 355	
2011-03-21 22:22:14 (MSK)	8192 	Function sql_regcase() is deprecated	File: fns_tinybrowser.php	Line: 371	
2011-03-21 22:22:14 (MSK)	8192 	Function sql_regcase() is deprecated	File: fns_tinybrowser.php	Line: 371	
2011-03-21 22:22:14 (MSK)	8192 	Function sql_regcase() is deprecated	File: fns_tinybrowser.php	Line: 371	
2011-03-21 22:22:14 (MSK)	8192 	Function sql_regcase() is deprecated	File: fns_tinybrowser.php	Line: 371	
2011-03-21 22:22:14 (MSK)	8192 	Function sql_regcase() is deprecated	File: fns_tinybrowser.php	Line: 371	
2011-03-21 22:22:14 (MSK)	8192 	Function sql_regcase() is deprecated	File: fns_tinybrowser.php	Line: 371	
2011-03-21 22:22:14 (MSK)	8192 	Function sql_regcase() is deprecated	File: fns_tinybrowser.php	Line: 371	
2011-03-21 22:22:14 (MSK)	8192 	Function sql_regcase() is deprecated	File: fns_tinybrowser.php	Line: 371	
2011-03-21 22:22:33 (MSK)	8192 	Function sql_regcase() is deprecated	File: fns_tinybrowser.php	Line: 355	
2011-03-21 22:22:33 (MSK)	8192 	Function sql_regcase() is deprecated	File: fns_tinybrowser.php	Line: 355	
2011-03-21 22:22:33 (MSK)	8192 	Function sql_regcase() is deprecated	File: fns_tinybrowser.php	Line: 355	
2011-03-21 22:22:33 (MSK)	8192 	Function sql_regcase() is deprecated	File: fns_tinybrowser.php	Line: 355	
2011-03-21 22:22:33 (MSK)	8192 	Function sql_regcase() is deprecated	File: fns_tinybrowser.php	Line: 371	
2011-03-21 22:22:33 (MSK)	8192 	Function sql_regcase() is deprecated	File: fns_tinybrowser.php	Line: 371	
2011-03-21 22:22:33 (MSK)	8192 	Function sql_regcase() is deprecated	File: fns_tinybrowser.php	Line: 371	
2011-03-21 22:22:33 (MSK)	8192 	Function sql_regcase() is deprecated	File: fns_tinybrowser.php	Line: 371	
2011-03-21 22:22:33 (MSK)	8192 	Function sql_regcase() is deprecated	File: fns_tinybrowser.php	Line: 371	
2011-03-21 22:22:33 (MSK)	8192 	Function sql_regcase() is deprecated	File: fns_tinybrowser.php	Line: 371	
2011-03-21 22:22:33 (MSK)	8192 	Function sql_regcase() is deprecated	File: fns_tinybrowser.php	Line: 371	
2011-03-21 22:22:33 (MSK)	8192 	Function sql_regcase() is deprecated	File: fns_tinybrowser.php	Line: 371	
2011-03-21 22:22:36 (MSK)	8192 	Function sql_regcase() is deprecated	File: fns_tinybrowser.php	Line: 355	
2011-03-21 22:22:36 (MSK)	8192 	Function sql_regcase() is deprecated	File: fns_tinybrowser.php	Line: 355	
2011-03-21 22:22:36 (MSK)	8192 	Function sql_regcase() is deprecated	File: fns_tinybrowser.php	Line: 355	
2011-03-21 22:22:36 (MSK)	8192 	Function sql_regcase() is deprecated	File: fns_tinybrowser.php	Line: 355	
2011-03-21 22:22:36 (MSK)	8192 	Function sql_regcase() is deprecated	File: fns_tinybrowser.php	Line: 371	
2011-03-21 22:22:36 (MSK)	8192 	Function sql_regcase() is deprecated	File: fns_tinybrowser.php	Line: 371	
2011-03-21 22:22:36 (MSK)	8192 	Function sql_regcase() is deprecated	File: fns_tinybrowser.php	Line: 371	
2011-03-21 22:22:36 (MSK)	8192 	Function sql_regcase() is deprecated	File: fns_tinybrowser.php	Line: 371	
2011-03-21 22:22:36 (MSK)	8192 	Function sql_regcase() is deprecated	File: fns_tinybrowser.php	Line: 371	
2011-03-21 22:22:36 (MSK)	8192 	Function sql_regcase() is deprecated	File: fns_tinybrowser.php	Line: 371	
2011-03-21 22:22:36 (MSK)	8192 	Function sql_regcase() is deprecated	File: fns_tinybrowser.php	Line: 371	
2011-03-21 22:22:36 (MSK)	8192 	Function sql_regcase() is deprecated	File: fns_tinybrowser.php	Line: 371	
2011-03-23 17:53:55 (MSK)	8192 	Function sql_regcase() is deprecated	File: fns_tinybrowser.php	Line: 355	
2011-03-23 17:54:23 (MSK)	8192 	Function sql_regcase() is deprecated	File: fns_tinybrowser.php	Line: 355	
2011-03-23 17:54:23 (MSK)	8192 	Function sql_regcase() is deprecated	File: fns_tinybrowser.php	Line: 355	
2011-03-23 17:54:23 (MSK)	8192 	Function sql_regcase() is deprecated	File: fns_tinybrowser.php	Line: 355	
2011-03-23 17:54:23 (MSK)	8192 	Function sql_regcase() is deprecated	File: fns_tinybrowser.php	Line: 355	
2011-03-23 17:54:38 (MSK)	8192 	Function sql_regcase() is deprecated	File: fns_tinybrowser.php	Line: 355	
2011-03-23 17:54:38 (MSK)	8192 	Function sql_regcase() is deprecated	File: fns_tinybrowser.php	Line: 355	
2011-03-23 17:54:38 (MSK)	8192 	Function sql_regcase() is deprecated	File: fns_tinybrowser.php	Line: 355	
2011-03-23 17:54:38 (MSK)	8192 	Function sql_regcase() is deprecated	File: fns_tinybrowser.php	Line: 355	
2011-03-23 18:17:24 (MSK)	8192 	Function sql_regcase() is deprecated	File: fns_tinybrowser.php	Line: 355	
2011-03-23 18:17:24 (MSK)	8192 	Function sql_regcase() is deprecated	File: fns_tinybrowser.php	Line: 355	
2011-03-23 18:17:24 (MSK)	8192 	Function sql_regcase() is deprecated	File: fns_tinybrowser.php	Line: 355	
2011-03-23 18:17:24 (MSK)	8192 	Function sql_regcase() is deprecated	File: fns_tinybrowser.php	Line: 355	
2011-03-23 18:38:03 (MSK)	8192 	Function sql_regcase() is deprecated	File: fns_tinybrowser.php	Line: 355	
2011-03-23 18:38:03 (MSK)	8192 	Function sql_regcase() is deprecated	File: fns_tinybrowser.php	Line: 355	
2011-03-23 18:38:03 (MSK)	8192 	Function sql_regcase() is deprecated	File: fns_tinybrowser.php	Line: 355	
2011-03-23 18:38:03 (MSK)	8192 	Function sql_regcase() is deprecated	File: fns_tinybrowser.php	Line: 355	
2011-03-23 21:48:24 (MSK)	8192 	Function sql_regcase() is deprecated	File: fns_tinybrowser.php	Line: 355	
2011-03-23 21:48:24 (MSK)	8192 	Function sql_regcase() is deprecated	File: fns_tinybrowser.php	Line: 355	
2011-03-23 21:48:24 (MSK)	8192 	Function sql_regcase() is deprecated	File: fns_tinybrowser.php	Line: 355	
2011-03-23 21:48:24 (MSK)	8192 	Function sql_regcase() is deprecated	File: fns_tinybrowser.php	Line: 355	
2011-03-23 21:50:25 (MSK)	8192 	Function sql_regcase() is deprecated	File: fns_tinybrowser.php	Line: 355	
2011-03-23 21:50:25 (MSK)	8192 	Function sql_regcase() is deprecated	File: fns_tinybrowser.php	Line: 355	
2011-03-23 21:50:25 (MSK)	8192 	Function sql_regcase() is deprecated	File: fns_tinybrowser.php	Line: 355	
2011-03-23 21:50:25 (MSK)	8192 	Function sql_regcase() is deprecated	File: fns_tinybrowser.php	Line: 355	
2011-03-23 22:00:52 (MSK)	8192 	Function sql_regcase() is deprecated	File: fns_tinybrowser.php	Line: 355	
2011-03-23 22:00:52 (MSK)	8192 	Function sql_regcase() is deprecated	File: fns_tinybrowser.php	Line: 355	
2011-03-23 22:00:52 (MSK)	8192 	Function sql_regcase() is deprecated	File: fns_tinybrowser.php	Line: 355	
2011-03-23 22:00:52 (MSK)	8192 	Function sql_regcase() is deprecated	File: fns_tinybrowser.php	Line: 355	
2011-03-23 22:03:19 (MSK)	8192 	Function sql_regcase() is deprecated	File: fns_tinybrowser.php	Line: 355	
2011-03-23 22:03:19 (MSK)	8192 	Function sql_regcase() is deprecated	File: fns_tinybrowser.php	Line: 355	
2011-03-23 22:03:19 (MSK)	8192 	Function sql_regcase() is deprecated	File: fns_tinybrowser.php	Line: 355	
2011-03-23 22:03:19 (MSK)	8192 	Function sql_regcase() is deprecated	File: fns_tinybrowser.php	Line: 355	
2011-03-28 13:15:45 (MSD)	8192 	Function sql_regcase() is deprecated	File: fns_tinybrowser.php	Line: 355	
2011-03-28 13:15:45 (MSD)	8192 	Function sql_regcase() is deprecated	File: fns_tinybrowser.php	Line: 355	
2011-03-28 13:15:45 (MSD)	8192 	Function sql_regcase() is deprecated	File: fns_tinybrowser.php	Line: 355	
2011-03-28 13:15:45 (MSD)	8192 	Function sql_regcase() is deprecated	File: fns_tinybrowser.php	Line: 355	
2011-03-28 13:15:45 (MSD)	8192 	Function sql_regcase() is deprecated	File: fns_tinybrowser.php	Line: 371	
2011-03-28 13:15:45 (MSD)	8192 	Function sql_regcase() is deprecated	File: fns_tinybrowser.php	Line: 371	
2011-03-28 13:15:45 (MSD)	8192 	Function sql_regcase() is deprecated	File: fns_tinybrowser.php	Line: 371	
2011-03-28 13:15:45 (MSD)	8192 	Function sql_regcase() is deprecated	File: fns_tinybrowser.php	Line: 371	
2011-03-28 13:15:45 (MSD)	8192 	Function sql_regcase() is deprecated	File: fns_tinybrowser.php	Line: 371	
2011-03-28 13:15:45 (MSD)	8192 	Function sql_regcase() is deprecated	File: fns_tinybrowser.php	Line: 371	
2011-03-28 13:15:45 (MSD)	8192 	Function sql_regcase() is deprecated	File: fns_tinybrowser.php	Line: 371	
2011-03-28 13:15:45 (MSD)	8192 	Function sql_regcase() is deprecated	File: fns_tinybrowser.php	Line: 371	
2011-03-28 13:15:45 (MSD)	8192 	Function sql_regcase() is deprecated	File: fns_tinybrowser.php	Line: 371	
2011-03-28 13:15:45 (MSD)	8192 	Function sql_regcase() is deprecated	File: fns_tinybrowser.php	Line: 371	
2011-03-28 13:15:45 (MSD)	8192 	Function sql_regcase() is deprecated	File: fns_tinybrowser.php	Line: 371	
2011-03-28 13:15:45 (MSD)	8192 	Function sql_regcase() is deprecated	File: fns_tinybrowser.php	Line: 371	
2011-03-28 13:15:45 (MSD)	8192 	Function sql_regcase() is deprecated	File: fns_tinybrowser.php	Line: 371	
2011-03-28 13:15:45 (MSD)	8192 	Function sql_regcase() is deprecated	File: fns_tinybrowser.php	Line: 371	
2011-03-28 13:15:45 (MSD)	8192 	Function sql_regcase() is deprecated	File: fns_tinybrowser.php	Line: 371	
2011-03-28 13:15:45 (MSD)	8192 	Function sql_regcase() is deprecated	File: fns_tinybrowser.php	Line: 371	
2011-03-28 13:15:45 (MSD)	8192 	Function sql_regcase() is deprecated	File: fns_tinybrowser.php	Line: 371	
2011-03-28 13:15:45 (MSD)	8192 	Function sql_regcase() is deprecated	File: fns_tinybrowser.php	Line: 371	
2011-03-28 13:15:45 (MSD)	8192 	Function sql_regcase() is deprecated	File: fns_tinybrowser.php	Line: 371	
2011-03-28 13:15:45 (MSD)	8192 	Function sql_regcase() is deprecated	File: fns_tinybrowser.php	Line: 371	
2011-03-28 13:15:45 (MSD)	8192 	Function sql_regcase() is deprecated	File: fns_tinybrowser.php	Line: 371	
2011-03-28 13:15:45 (MSD)	8192 	Function sql_regcase() is deprecated	File: fns_tinybrowser.php	Line: 371	
2011-03-28 13:15:45 (MSD)	8192 	Function sql_regcase() is deprecated	File: fns_tinybrowser.php	Line: 371	
2011-03-28 13:15:45 (MSD)	8192 	Function sql_regcase() is deprecated	File: fns_tinybrowser.php	Line: 371	
2011-03-29 01:34:21 (MSD)	8192 	Function sql_regcase() is deprecated	File: fns_tinybrowser.php	Line: 355	
2011-03-29 01:34:21 (MSD)	8192 	Function sql_regcase() is deprecated	File: fns_tinybrowser.php	Line: 355	
2011-03-29 01:34:21 (MSD)	8192 	Function sql_regcase() is deprecated	File: fns_tinybrowser.php	Line: 355	
2011-03-29 01:34:21 (MSD)	8192 	Function sql_regcase() is deprecated	File: fns_tinybrowser.php	Line: 355	
2011-03-29 01:34:21 (MSD)	8192 	Function sql_regcase() is deprecated	File: fns_tinybrowser.php	Line: 371	
2011-03-29 01:34:21 (MSD)	8192 	Function sql_regcase() is deprecated	File: fns_tinybrowser.php	Line: 371	
2011-03-29 01:34:21 (MSD)	8192 	Function sql_regcase() is deprecated	File: fns_tinybrowser.php	Line: 371	
2011-03-29 01:34:21 (MSD)	8192 	Function sql_regcase() is deprecated	File: fns_tinybrowser.php	Line: 371	
2011-03-29 01:34:21 (MSD)	8192 	Function sql_regcase() is deprecated	File: fns_tinybrowser.php	Line: 371	
2011-03-29 01:34:21 (MSD)	8192 	Function sql_regcase() is deprecated	File: fns_tinybrowser.php	Line: 371	
2011-03-29 01:34:21 (MSD)	8192 	Function sql_regcase() is deprecated	File: fns_tinybrowser.php	Line: 371	
2011-03-29 01:34:21 (MSD)	8192 	Function sql_regcase() is deprecated	File: fns_tinybrowser.php	Line: 371	
2011-03-29 01:34:21 (MSD)	8192 	Function sql_regcase() is deprecated	File: fns_tinybrowser.php	Line: 371	
2011-03-29 01:34:21 (MSD)	8192 	Function sql_regcase() is deprecated	File: fns_tinybrowser.php	Line: 371	
2011-03-29 01:34:21 (MSD)	8192 	Function sql_regcase() is deprecated	File: fns_tinybrowser.php	Line: 371	
2011-03-29 01:34:21 (MSD)	8192 	Function sql_regcase() is deprecated	File: fns_tinybrowser.php	Line: 371	
2011-03-29 01:34:21 (MSD)	8192 	Function sql_regcase() is deprecated	File: fns_tinybrowser.php	Line: 371	
2011-03-29 01:34:21 (MSD)	8192 	Function sql_regcase() is deprecated	File: fns_tinybrowser.php	Line: 371	
2011-03-29 01:34:21 (MSD)	8192 	Function sql_regcase() is deprecated	File: fns_tinybrowser.php	Line: 371	
2011-03-29 01:34:21 (MSD)	8192 	Function sql_regcase() is deprecated	File: fns_tinybrowser.php	Line: 371	
2011-03-29 01:34:21 (MSD)	8192 	Function sql_regcase() is deprecated	File: fns_tinybrowser.php	Line: 371	
2011-03-29 01:34:21 (MSD)	8192 	Function sql_regcase() is deprecated	File: fns_tinybrowser.php	Line: 371	
2011-03-29 01:34:21 (MSD)	8192 	Function sql_regcase() is deprecated	File: fns_tinybrowser.php	Line: 371	
2011-03-29 01:34:21 (MSD)	8192 	Function sql_regcase() is deprecated	File: fns_tinybrowser.php	Line: 371	
2011-03-29 01:34:21 (MSD)	8192 	Function sql_regcase() is deprecated	File: fns_tinybrowser.php	Line: 371	
2011-03-29 01:34:21 (MSD)	8192 	Function sql_regcase() is deprecated	File: fns_tinybrowser.php	Line: 371	
2011-03-29 01:34:21 (MSD)	8192 	Function sql_regcase() is deprecated	File: fns_tinybrowser.php	Line: 371	
2011-03-29 01:34:21 (MSD)	8192 	Function sql_regcase() is deprecated	File: fns_tinybrowser.php	Line: 371	
2011-03-29 01:34:21 (MSD)	8192 	Function sql_regcase() is deprecated	File: fns_tinybrowser.php	Line: 371	
2011-03-29 01:34:21 (MSD)	8192 	Function sql_regcase() is deprecated	File: fns_tinybrowser.php	Line: 371	
2011-03-29 01:34:21 (MSD)	8192 	Function sql_regcase() is deprecated	File: fns_tinybrowser.php	Line: 371	
2011-03-29 01:34:21 (MSD)	8192 	Function sql_regcase() is deprecated	File: fns_tinybrowser.php	Line: 371	
2011-03-29 01:34:29 (MSD)	8192 	Function sql_regcase() is deprecated	File: fns_tinybrowser.php	Line: 355	
2011-03-29 01:34:29 (MSD)	8192 	Function sql_regcase() is deprecated	File: fns_tinybrowser.php	Line: 355	
2011-03-29 01:34:29 (MSD)	8192 	Function sql_regcase() is deprecated	File: fns_tinybrowser.php	Line: 355	
2011-03-29 01:34:29 (MSD)	8192 	Function sql_regcase() is deprecated	File: fns_tinybrowser.php	Line: 355	
2011-03-29 01:34:29 (MSD)	8192 	Function sql_regcase() is deprecated	File: fns_tinybrowser.php	Line: 371	
2011-03-29 01:34:29 (MSD)	8192 	Function sql_regcase() is deprecated	File: fns_tinybrowser.php	Line: 371	
2011-03-29 01:34:29 (MSD)	8192 	Function sql_regcase() is deprecated	File: fns_tinybrowser.php	Line: 371	
2011-03-29 01:34:29 (MSD)	8192 	Function sql_regcase() is deprecated	File: fns_tinybrowser.php	Line: 371	
2011-03-29 01:34:29 (MSD)	8192 	Function sql_regcase() is deprecated	File: fns_tinybrowser.php	Line: 371	
2011-03-29 01:34:29 (MSD)	8192 	Function sql_regcase() is deprecated	File: fns_tinybrowser.php	Line: 371	
2011-03-29 01:34:29 (MSD)	8192 	Function sql_regcase() is deprecated	File: fns_tinybrowser.php	Line: 371	
2011-03-29 01:34:29 (MSD)	8192 	Function sql_regcase() is deprecated	File: fns_tinybrowser.php	Line: 371	
2011-03-29 01:34:29 (MSD)	8192 	Function sql_regcase() is deprecated	File: fns_tinybrowser.php	Line: 371	
2011-03-29 01:34:29 (MSD)	8192 	Function sql_regcase() is deprecated	File: fns_tinybrowser.php	Line: 371	
2011-03-29 01:34:29 (MSD)	8192 	Function sql_regcase() is deprecated	File: fns_tinybrowser.php	Line: 371	
2011-03-29 01:34:29 (MSD)	8192 	Function sql_regcase() is deprecated	File: fns_tinybrowser.php	Line: 371	
2011-03-29 01:34:29 (MSD)	8192 	Function sql_regcase() is deprecated	File: fns_tinybrowser.php	Line: 371	
2011-03-29 01:34:29 (MSD)	8192 	Function sql_regcase() is deprecated	File: fns_tinybrowser.php	Line: 371	
2011-03-29 01:34:29 (MSD)	8192 	Function sql_regcase() is deprecated	File: fns_tinybrowser.php	Line: 371	
2011-03-29 01:34:29 (MSD)	8192 	Function sql_regcase() is deprecated	File: fns_tinybrowser.php	Line: 371	
2011-03-29 01:34:29 (MSD)	8192 	Function sql_regcase() is deprecated	File: fns_tinybrowser.php	Line: 371	
2011-03-29 01:34:29 (MSD)	8192 	Function sql_regcase() is deprecated	File: fns_tinybrowser.php	Line: 371	
2011-03-29 01:34:29 (MSD)	8192 	Function sql_regcase() is deprecated	File: fns_tinybrowser.php	Line: 371	
2011-03-29 01:34:29 (MSD)	8192 	Function sql_regcase() is deprecated	File: fns_tinybrowser.php	Line: 371	
2011-03-29 01:34:29 (MSD)	8192 	Function sql_regcase() is deprecated	File: fns_tinybrowser.php	Line: 371	
2011-03-29 01:34:29 (MSD)	8192 	Function sql_regcase() is deprecated	File: fns_tinybrowser.php	Line: 371	
2011-03-29 01:34:29 (MSD)	8192 	Function sql_regcase() is deprecated	File: fns_tinybrowser.php	Line: 371	
2011-03-29 01:34:29 (MSD)	8192 	Function sql_regcase() is deprecated	File: fns_tinybrowser.php	Line: 371	
2011-03-29 01:34:29 (MSD)	8192 	Function sql_regcase() is deprecated	File: fns_tinybrowser.php	Line: 371	
2011-03-29 01:34:29 (MSD)	8192 	Function sql_regcase() is deprecated	File: fns_tinybrowser.php	Line: 371	
2011-03-29 01:34:29 (MSD)	8192 	Function sql_regcase() is deprecated	File: fns_tinybrowser.php	Line: 371	
2011-03-29 01:34:29 (MSD)	8192 	Function sql_regcase() is deprecated	File: fns_tinybrowser.php	Line: 371	
2011-03-29 01:34:31 (MSD)	8192 	Function sql_regcase() is deprecated	File: fns_tinybrowser.php	Line: 355	
2011-03-29 01:34:31 (MSD)	8192 	Function sql_regcase() is deprecated	File: fns_tinybrowser.php	Line: 355	
2011-03-29 01:34:31 (MSD)	8192 	Function sql_regcase() is deprecated	File: fns_tinybrowser.php	Line: 355	
2011-03-29 01:34:31 (MSD)	8192 	Function sql_regcase() is deprecated	File: fns_tinybrowser.php	Line: 355	
2011-03-29 01:34:31 (MSD)	8192 	Function sql_regcase() is deprecated	File: fns_tinybrowser.php	Line: 371	
2011-03-29 01:34:31 (MSD)	8192 	Function sql_regcase() is deprecated	File: fns_tinybrowser.php	Line: 371	
2011-03-29 01:34:31 (MSD)	8192 	Function sql_regcase() is deprecated	File: fns_tinybrowser.php	Line: 371	
2011-03-29 01:34:31 (MSD)	8192 	Function sql_regcase() is deprecated	File: fns_tinybrowser.php	Line: 371	
2011-03-29 01:34:31 (MSD)	8192 	Function sql_regcase() is deprecated	File: fns_tinybrowser.php	Line: 371	
2011-03-29 01:34:31 (MSD)	8192 	Function sql_regcase() is deprecated	File: fns_tinybrowser.php	Line: 371	
2011-03-29 01:34:31 (MSD)	8192 	Function sql_regcase() is deprecated	File: fns_tinybrowser.php	Line: 371	
2011-03-29 01:34:31 (MSD)	8192 	Function sql_regcase() is deprecated	File: fns_tinybrowser.php	Line: 371	
2011-03-29 01:34:31 (MSD)	8192 	Function sql_regcase() is deprecated	File: fns_tinybrowser.php	Line: 371	
2011-03-29 01:34:31 (MSD)	8192 	Function sql_regcase() is deprecated	File: fns_tinybrowser.php	Line: 371	
2011-03-29 01:34:31 (MSD)	8192 	Function sql_regcase() is deprecated	File: fns_tinybrowser.php	Line: 371	
2011-03-29 01:34:31 (MSD)	8192 	Function sql_regcase() is deprecated	File: fns_tinybrowser.php	Line: 371	
2011-03-29 01:34:31 (MSD)	8192 	Function sql_regcase() is deprecated	File: fns_tinybrowser.php	Line: 371	
2011-03-29 01:34:31 (MSD)	8192 	Function sql_regcase() is deprecated	File: fns_tinybrowser.php	Line: 371	
2011-03-29 01:34:31 (MSD)	8192 	Function sql_regcase() is deprecated	File: fns_tinybrowser.php	Line: 371	
2011-03-29 01:34:31 (MSD)	8192 	Function sql_regcase() is deprecated	File: fns_tinybrowser.php	Line: 371	
2011-03-29 01:34:31 (MSD)	8192 	Function sql_regcase() is deprecated	File: fns_tinybrowser.php	Line: 371	
2011-03-29 01:34:31 (MSD)	8192 	Function sql_regcase() is deprecated	File: fns_tinybrowser.php	Line: 371	
2011-03-29 01:34:31 (MSD)	8192 	Function sql_regcase() is deprecated	File: fns_tinybrowser.php	Line: 371	
2011-03-29 01:34:31 (MSD)	8192 	Function sql_regcase() is deprecated	File: fns_tinybrowser.php	Line: 371	
2011-03-29 01:34:31 (MSD)	8192 	Function sql_regcase() is deprecated	File: fns_tinybrowser.php	Line: 371	
2011-03-29 01:34:31 (MSD)	8192 	Function sql_regcase() is deprecated	File: fns_tinybrowser.php	Line: 371	
2011-03-29 01:34:31 (MSD)	8192 	Function sql_regcase() is deprecated	File: fns_tinybrowser.php	Line: 371	
2011-03-29 01:34:31 (MSD)	8192 	Function sql_regcase() is deprecated	File: fns_tinybrowser.php	Line: 371	
2011-03-29 01:34:31 (MSD)	8192 	Function sql_regcase() is deprecated	File: fns_tinybrowser.php	Line: 371	
2011-03-29 01:34:31 (MSD)	8192 	Function sql_regcase() is deprecated	File: fns_tinybrowser.php	Line: 371	
2011-03-29 01:34:31 (MSD)	8192 	Function sql_regcase() is deprecated	File: fns_tinybrowser.php	Line: 371	
2011-03-29 01:34:31 (MSD)	8192 	Function sql_regcase() is deprecated	File: fns_tinybrowser.php	Line: 371	
2011-03-29 23:44:24 (MSD)	8192 	Function sql_regcase() is deprecated	File: fns_tinybrowser.php	Line: 355	
2011-03-29 23:44:24 (MSD)	8192 	Function sql_regcase() is deprecated	File: fns_tinybrowser.php	Line: 355	
2011-03-29 23:44:24 (MSD)	8192 	Function sql_regcase() is deprecated	File: fns_tinybrowser.php	Line: 355	
2011-03-29 23:44:24 (MSD)	8192 	Function sql_regcase() is deprecated	File: fns_tinybrowser.php	Line: 355	
2011-03-29 23:44:24 (MSD)	8192 	Function sql_regcase() is deprecated	File: fns_tinybrowser.php	Line: 371	
2011-03-29 23:44:24 (MSD)	8192 	Function sql_regcase() is deprecated	File: fns_tinybrowser.php	Line: 371	
2011-03-29 23:44:24 (MSD)	8192 	Function sql_regcase() is deprecated	File: fns_tinybrowser.php	Line: 371	
2011-03-29 23:44:24 (MSD)	8192 	Function sql_regcase() is deprecated	File: fns_tinybrowser.php	Line: 371	
2011-03-29 23:44:24 (MSD)	8192 	Function sql_regcase() is deprecated	File: fns_tinybrowser.php	Line: 371	
2011-03-29 23:44:24 (MSD)	8192 	Function sql_regcase() is deprecated	File: fns_tinybrowser.php	Line: 371	
2011-03-29 23:44:24 (MSD)	8192 	Function sql_regcase() is deprecated	File: fns_tinybrowser.php	Line: 371	
2011-03-29 23:44:24 (MSD)	8192 	Function sql_regcase() is deprecated	File: fns_tinybrowser.php	Line: 371	
2011-03-29 23:44:24 (MSD)	8192 	Function sql_regcase() is deprecated	File: fns_tinybrowser.php	Line: 371	
2011-03-29 23:44:24 (MSD)	8192 	Function sql_regcase() is deprecated	File: fns_tinybrowser.php	Line: 371	
2011-03-29 23:44:24 (MSD)	8192 	Function sql_regcase() is deprecated	File: fns_tinybrowser.php	Line: 371	
2011-03-29 23:44:24 (MSD)	8192 	Function sql_regcase() is deprecated	File: fns_tinybrowser.php	Line: 371	
2011-03-29 23:44:24 (MSD)	8192 	Function sql_regcase() is deprecated	File: fns_tinybrowser.php	Line: 371	
2011-03-29 23:44:24 (MSD)	8192 	Function sql_regcase() is deprecated	File: fns_tinybrowser.php	Line: 371	
2011-03-29 23:44:24 (MSD)	8192 	Function sql_regcase() is deprecated	File: fns_tinybrowser.php	Line: 371	
2011-03-29 23:44:24 (MSD)	8192 	Function sql_regcase() is deprecated	File: fns_tinybrowser.php	Line: 371	
2011-03-29 23:44:24 (MSD)	8192 	Function sql_regcase() is deprecated	File: fns_tinybrowser.php	Line: 371	
2011-03-29 23:44:24 (MSD)	8192 	Function sql_regcase() is deprecated	File: fns_tinybrowser.php	Line: 371	
2011-03-29 23:44:24 (MSD)	8192 	Function sql_regcase() is deprecated	File: fns_tinybrowser.php	Line: 371	
2011-03-29 23:44:24 (MSD)	8192 	Function sql_regcase() is deprecated	File: fns_tinybrowser.php	Line: 371	
2011-03-29 23:44:24 (MSD)	8192 	Function sql_regcase() is deprecated	File: fns_tinybrowser.php	Line: 371	
2011-03-29 23:44:24 (MSD)	8192 	Function sql_regcase() is deprecated	File: fns_tinybrowser.php	Line: 371	
2011-03-29 23:44:24 (MSD)	8192 	Function sql_regcase() is deprecated	File: fns_tinybrowser.php	Line: 371	
2011-03-29 23:44:24 (MSD)	8192 	Function sql_regcase() is deprecated	File: fns_tinybrowser.php	Line: 371	
2011-03-29 23:44:24 (MSD)	8192 	Function sql_regcase() is deprecated	File: fns_tinybrowser.php	Line: 371	
2011-03-29 23:44:24 (MSD)	8192 	Function sql_regcase() is deprecated	File: fns_tinybrowser.php	Line: 371	
2011-03-29 23:44:24 (MSD)	8192 	Function sql_regcase() is deprecated	File: fns_tinybrowser.php	Line: 371	
2011-03-29 23:44:24 (MSD)	8192 	Function sql_regcase() is deprecated	File: fns_tinybrowser.php	Line: 371	
2011-03-29 23:44:37 (MSD)	8192 	Function sql_regcase() is deprecated	File: fns_tinybrowser.php	Line: 355	
2011-03-29 23:44:37 (MSD)	8192 	Function sql_regcase() is deprecated	File: fns_tinybrowser.php	Line: 355	
2011-03-29 23:44:37 (MSD)	8192 	Function sql_regcase() is deprecated	File: fns_tinybrowser.php	Line: 355	
2011-03-29 23:44:37 (MSD)	8192 	Function sql_regcase() is deprecated	File: fns_tinybrowser.php	Line: 355	
2011-03-29 23:44:37 (MSD)	8192 	Function sql_regcase() is deprecated	File: fns_tinybrowser.php	Line: 371	
2011-03-29 23:44:37 (MSD)	8192 	Function sql_regcase() is deprecated	File: fns_tinybrowser.php	Line: 371	
2011-03-29 23:44:37 (MSD)	8192 	Function sql_regcase() is deprecated	File: fns_tinybrowser.php	Line: 371	
2011-03-29 23:44:37 (MSD)	8192 	Function sql_regcase() is deprecated	File: fns_tinybrowser.php	Line: 371	
2011-03-29 23:44:37 (MSD)	8192 	Function sql_regcase() is deprecated	File: fns_tinybrowser.php	Line: 371	
2011-03-29 23:44:37 (MSD)	8192 	Function sql_regcase() is deprecated	File: fns_tinybrowser.php	Line: 371	
2011-03-29 23:44:37 (MSD)	8192 	Function sql_regcase() is deprecated	File: fns_tinybrowser.php	Line: 371	
2011-03-29 23:44:37 (MSD)	8192 	Function sql_regcase() is deprecated	File: fns_tinybrowser.php	Line: 371	
2011-03-29 23:44:37 (MSD)	8192 	Function sql_regcase() is deprecated	File: fns_tinybrowser.php	Line: 371	
2011-03-29 23:44:37 (MSD)	8192 	Function sql_regcase() is deprecated	File: fns_tinybrowser.php	Line: 371	
2011-03-29 23:44:37 (MSD)	8192 	Function sql_regcase() is deprecated	File: fns_tinybrowser.php	Line: 371	
2011-03-29 23:44:37 (MSD)	8192 	Function sql_regcase() is deprecated	File: fns_tinybrowser.php	Line: 371	
2011-03-29 23:44:37 (MSD)	8192 	Function sql_regcase() is deprecated	File: fns_tinybrowser.php	Line: 371	
2011-03-29 23:44:37 (MSD)	8192 	Function sql_regcase() is deprecated	File: fns_tinybrowser.php	Line: 371	
2011-03-29 23:44:37 (MSD)	8192 	Function sql_regcase() is deprecated	File: fns_tinybrowser.php	Line: 371	
2011-03-29 23:44:37 (MSD)	8192 	Function sql_regcase() is deprecated	File: fns_tinybrowser.php	Line: 371	
2011-03-29 23:44:37 (MSD)	8192 	Function sql_regcase() is deprecated	File: fns_tinybrowser.php	Line: 371	
2011-03-29 23:44:37 (MSD)	8192 	Function sql_regcase() is deprecated	File: fns_tinybrowser.php	Line: 371	
2011-03-29 23:44:37 (MSD)	8192 	Function sql_regcase() is deprecated	File: fns_tinybrowser.php	Line: 371	
2011-03-29 23:44:37 (MSD)	8192 	Function sql_regcase() is deprecated	File: fns_tinybrowser.php	Line: 371	
2011-03-29 23:44:37 (MSD)	8192 	Function sql_regcase() is deprecated	File: fns_tinybrowser.php	Line: 371	
2011-03-29 23:44:37 (MSD)	8192 	Function sql_regcase() is deprecated	File: fns_tinybrowser.php	Line: 371	
2011-03-29 23:44:37 (MSD)	8192 	Function sql_regcase() is deprecated	File: fns_tinybrowser.php	Line: 371	
2011-03-29 23:44:37 (MSD)	8192 	Function sql_regcase() is deprecated	File: fns_tinybrowser.php	Line: 371	
2011-03-29 23:44:37 (MSD)	8192 	Function sql_regcase() is deprecated	File: fns_tinybrowser.php	Line: 371	
2011-03-29 23:44:37 (MSD)	8192 	Function sql_regcase() is deprecated	File: fns_tinybrowser.php	Line: 371	
2011-03-29 23:44:37 (MSD)	8192 	Function sql_regcase() is deprecated	File: fns_tinybrowser.php	Line: 371	
2011-03-29 23:44:37 (MSD)	8192 	Function sql_regcase() is deprecated	File: fns_tinybrowser.php	Line: 371	
2011-03-29 23:52:41 (MSD)	8192 	Function sql_regcase() is deprecated	File: fns_tinybrowser.php	Line: 355	
2011-03-29 23:52:41 (MSD)	8192 	Function sql_regcase() is deprecated	File: fns_tinybrowser.php	Line: 355	
2011-03-29 23:52:41 (MSD)	8192 	Function sql_regcase() is deprecated	File: fns_tinybrowser.php	Line: 355	
2011-03-29 23:52:41 (MSD)	8192 	Function sql_regcase() is deprecated	File: fns_tinybrowser.php	Line: 355	
2011-03-29 23:52:41 (MSD)	8192 	Function sql_regcase() is deprecated	File: fns_tinybrowser.php	Line: 371	
2011-03-29 23:52:41 (MSD)	8192 	Function sql_regcase() is deprecated	File: fns_tinybrowser.php	Line: 371	
2011-03-29 23:52:41 (MSD)	8192 	Function sql_regcase() is deprecated	File: fns_tinybrowser.php	Line: 371	
2011-03-29 23:52:41 (MSD)	8192 	Function sql_regcase() is deprecated	File: fns_tinybrowser.php	Line: 371	
2011-03-29 23:52:41 (MSD)	8192 	Function sql_regcase() is deprecated	File: fns_tinybrowser.php	Line: 371	
2011-03-29 23:52:41 (MSD)	8192 	Function sql_regcase() is deprecated	File: fns_tinybrowser.php	Line: 371	
2011-03-29 23:52:41 (MSD)	8192 	Function sql_regcase() is deprecated	File: fns_tinybrowser.php	Line: 371	
2011-03-29 23:52:41 (MSD)	8192 	Function sql_regcase() is deprecated	File: fns_tinybrowser.php	Line: 371	
2011-03-29 23:52:41 (MSD)	8192 	Function sql_regcase() is deprecated	File: fns_tinybrowser.php	Line: 371	
2011-03-29 23:52:41 (MSD)	8192 	Function sql_regcase() is deprecated	File: fns_tinybrowser.php	Line: 371	
2011-03-29 23:52:41 (MSD)	8192 	Function sql_regcase() is deprecated	File: fns_tinybrowser.php	Line: 371	
2011-03-29 23:52:41 (MSD)	8192 	Function sql_regcase() is deprecated	File: fns_tinybrowser.php	Line: 371	
2011-03-29 23:52:41 (MSD)	8192 	Function sql_regcase() is deprecated	File: fns_tinybrowser.php	Line: 371	
2011-03-29 23:52:41 (MSD)	8192 	Function sql_regcase() is deprecated	File: fns_tinybrowser.php	Line: 371	
2011-03-29 23:52:41 (MSD)	8192 	Function sql_regcase() is deprecated	File: fns_tinybrowser.php	Line: 371	
2011-03-29 23:52:41 (MSD)	8192 	Function sql_regcase() is deprecated	File: fns_tinybrowser.php	Line: 371	
2011-03-29 23:52:41 (MSD)	8192 	Function sql_regcase() is deprecated	File: fns_tinybrowser.php	Line: 371	
2011-03-29 23:52:41 (MSD)	8192 	Function sql_regcase() is deprecated	File: fns_tinybrowser.php	Line: 371	
2011-03-29 23:52:41 (MSD)	8192 	Function sql_regcase() is deprecated	File: fns_tinybrowser.php	Line: 371	
2011-03-29 23:52:41 (MSD)	8192 	Function sql_regcase() is deprecated	File: fns_tinybrowser.php	Line: 371	
2011-03-29 23:52:41 (MSD)	8192 	Function sql_regcase() is deprecated	File: fns_tinybrowser.php	Line: 371	
2011-03-29 23:52:41 (MSD)	8192 	Function sql_regcase() is deprecated	File: fns_tinybrowser.php	Line: 371	
2011-03-29 23:52:41 (MSD)	8192 	Function sql_regcase() is deprecated	File: fns_tinybrowser.php	Line: 371	
2011-03-29 23:52:41 (MSD)	8192 	Function sql_regcase() is deprecated	File: fns_tinybrowser.php	Line: 371	
2011-03-29 23:52:41 (MSD)	8192 	Function sql_regcase() is deprecated	File: fns_tinybrowser.php	Line: 371	
2011-03-29 23:52:41 (MSD)	8192 	Function sql_regcase() is deprecated	File: fns_tinybrowser.php	Line: 371	
2011-03-29 23:52:41 (MSD)	8192 	Function sql_regcase() is deprecated	File: fns_tinybrowser.php	Line: 371	
2011-03-29 23:52:41 (MSD)	8192 	Function sql_regcase() is deprecated	File: fns_tinybrowser.php	Line: 371	
2011-03-30 00:44:56 (MSD)	8192 	Function sql_regcase() is deprecated	File: fns_tinybrowser.php	Line: 355	
2011-03-30 00:44:56 (MSD)	8192 	Function sql_regcase() is deprecated	File: fns_tinybrowser.php	Line: 355	
2011-03-30 00:44:56 (MSD)	8192 	Function sql_regcase() is deprecated	File: fns_tinybrowser.php	Line: 355	
2011-03-30 00:44:56 (MSD)	8192 	Function sql_regcase() is deprecated	File: fns_tinybrowser.php	Line: 355	
2011-03-30 00:44:56 (MSD)	8192 	Function sql_regcase() is deprecated	File: fns_tinybrowser.php	Line: 371	
2011-03-30 00:44:56 (MSD)	8192 	Function sql_regcase() is deprecated	File: fns_tinybrowser.php	Line: 371	
2011-03-30 00:44:56 (MSD)	8192 	Function sql_regcase() is deprecated	File: fns_tinybrowser.php	Line: 371	
2011-03-30 00:44:56 (MSD)	8192 	Function sql_regcase() is deprecated	File: fns_tinybrowser.php	Line: 371	
2011-03-30 00:44:56 (MSD)	8192 	Function sql_regcase() is deprecated	File: fns_tinybrowser.php	Line: 371	
2011-03-30 00:44:56 (MSD)	8192 	Function sql_regcase() is deprecated	File: fns_tinybrowser.php	Line: 371	
2011-03-30 00:44:56 (MSD)	8192 	Function sql_regcase() is deprecated	File: fns_tinybrowser.php	Line: 371	
2011-03-30 00:44:56 (MSD)	8192 	Function sql_regcase() is deprecated	File: fns_tinybrowser.php	Line: 371	
2011-03-30 00:44:56 (MSD)	8192 	Function sql_regcase() is deprecated	File: fns_tinybrowser.php	Line: 371	
2011-03-30 00:44:56 (MSD)	8192 	Function sql_regcase() is deprecated	File: fns_tinybrowser.php	Line: 371	
2011-03-30 00:44:56 (MSD)	8192 	Function sql_regcase() is deprecated	File: fns_tinybrowser.php	Line: 371	
2011-03-30 00:44:56 (MSD)	8192 	Function sql_regcase() is deprecated	File: fns_tinybrowser.php	Line: 371	
2011-03-30 00:44:56 (MSD)	8192 	Function sql_regcase() is deprecated	File: fns_tinybrowser.php	Line: 371	
2011-03-30 00:44:56 (MSD)	8192 	Function sql_regcase() is deprecated	File: fns_tinybrowser.php	Line: 371	
2011-03-30 00:44:56 (MSD)	8192 	Function sql_regcase() is deprecated	File: fns_tinybrowser.php	Line: 371	
2011-03-30 00:44:56 (MSD)	8192 	Function sql_regcase() is deprecated	File: fns_tinybrowser.php	Line: 371	
2011-03-30 00:44:56 (MSD)	8192 	Function sql_regcase() is deprecated	File: fns_tinybrowser.php	Line: 371	
2011-03-30 00:44:56 (MSD)	8192 	Function sql_regcase() is deprecated	File: fns_tinybrowser.php	Line: 371	
2011-03-30 00:44:56 (MSD)	8192 	Function sql_regcase() is deprecated	File: fns_tinybrowser.php	Line: 371	
2011-03-30 00:44:56 (MSD)	8192 	Function sql_regcase() is deprecated	File: fns_tinybrowser.php	Line: 371	
2011-03-30 00:44:56 (MSD)	8192 	Function sql_regcase() is deprecated	File: fns_tinybrowser.php	Line: 371	
2011-03-30 00:44:56 (MSD)	8192 	Function sql_regcase() is deprecated	File: fns_tinybrowser.php	Line: 371	
2011-03-30 00:44:56 (MSD)	8192 	Function sql_regcase() is deprecated	File: fns_tinybrowser.php	Line: 371	
2011-03-30 00:44:56 (MSD)	8192 	Function sql_regcase() is deprecated	File: fns_tinybrowser.php	Line: 371	
2011-03-30 00:44:56 (MSD)	8192 	Function sql_regcase() is deprecated	File: fns_tinybrowser.php	Line: 371	
2011-03-30 00:44:56 (MSD)	8192 	Function sql_regcase() is deprecated	File: fns_tinybrowser.php	Line: 371	
2011-03-30 00:44:56 (MSD)	8192 	Function sql_regcase() is deprecated	File: fns_tinybrowser.php	Line: 371	
2011-03-30 00:44:56 (MSD)	8192 	Function sql_regcase() is deprecated	File: fns_tinybrowser.php	Line: 371	
2011-03-30 11:58:10 (MSD)	8192 	Function sql_regcase() is deprecated	File: fns_tinybrowser.php	Line: 355	
2011-03-30 11:58:10 (MSD)	8192 	Function sql_regcase() is deprecated	File: fns_tinybrowser.php	Line: 355	
2011-03-30 11:58:10 (MSD)	8192 	Function sql_regcase() is deprecated	File: fns_tinybrowser.php	Line: 355	
2011-03-30 11:58:10 (MSD)	8192 	Function sql_regcase() is deprecated	File: fns_tinybrowser.php	Line: 355	
2011-03-30 11:58:10 (MSD)	8192 	Function sql_regcase() is deprecated	File: fns_tinybrowser.php	Line: 371	
2011-03-30 11:58:10 (MSD)	8192 	Function sql_regcase() is deprecated	File: fns_tinybrowser.php	Line: 371	
2011-03-30 11:58:10 (MSD)	8192 	Function sql_regcase() is deprecated	File: fns_tinybrowser.php	Line: 371	
2011-03-30 11:58:10 (MSD)	8192 	Function sql_regcase() is deprecated	File: fns_tinybrowser.php	Line: 371	
2011-03-30 11:58:10 (MSD)	8192 	Function sql_regcase() is deprecated	File: fns_tinybrowser.php	Line: 371	
2011-03-30 11:58:10 (MSD)	8192 	Function sql_regcase() is deprecated	File: fns_tinybrowser.php	Line: 371	
2011-03-30 11:58:10 (MSD)	8192 	Function sql_regcase() is deprecated	File: fns_tinybrowser.php	Line: 371	
2011-03-30 11:58:10 (MSD)	8192 	Function sql_regcase() is deprecated	File: fns_tinybrowser.php	Line: 371	
2011-03-30 11:58:10 (MSD)	8192 	Function sql_regcase() is deprecated	File: fns_tinybrowser.php	Line: 371	
2011-03-30 11:58:10 (MSD)	8192 	Function sql_regcase() is deprecated	File: fns_tinybrowser.php	Line: 371	
2011-03-30 11:58:10 (MSD)	8192 	Function sql_regcase() is deprecated	File: fns_tinybrowser.php	Line: 371	
2011-03-30 11:58:10 (MSD)	8192 	Function sql_regcase() is deprecated	File: fns_tinybrowser.php	Line: 371	
2011-03-30 11:58:10 (MSD)	8192 	Function sql_regcase() is deprecated	File: fns_tinybrowser.php	Line: 371	
2011-03-30 11:58:10 (MSD)	8192 	Function sql_regcase() is deprecated	File: fns_tinybrowser.php	Line: 371	
2011-03-30 11:58:10 (MSD)	8192 	Function sql_regcase() is deprecated	File: fns_tinybrowser.php	Line: 371	
2011-03-30 11:58:10 (MSD)	8192 	Function sql_regcase() is deprecated	File: fns_tinybrowser.php	Line: 371	
2011-03-30 11:58:10 (MSD)	8192 	Function sql_regcase() is deprecated	File: fns_tinybrowser.php	Line: 371	
2011-03-30 11:58:10 (MSD)	8192 	Function sql_regcase() is deprecated	File: fns_tinybrowser.php	Line: 371	
2011-03-30 11:58:10 (MSD)	8192 	Function sql_regcase() is deprecated	File: fns_tinybrowser.php	Line: 371	
2011-03-30 11:58:10 (MSD)	8192 	Function sql_regcase() is deprecated	File: fns_tinybrowser.php	Line: 371	
2011-03-30 11:58:10 (MSD)	8192 	Function sql_regcase() is deprecated	File: fns_tinybrowser.php	Line: 371	
2011-03-30 11:58:10 (MSD)	8192 	Function sql_regcase() is deprecated	File: fns_tinybrowser.php	Line: 371	
2011-03-30 11:58:10 (MSD)	8192 	Function sql_regcase() is deprecated	File: fns_tinybrowser.php	Line: 371	
2011-03-30 11:58:10 (MSD)	8192 	Function sql_regcase() is deprecated	File: fns_tinybrowser.php	Line: 371	
2011-03-30 11:58:10 (MSD)	8192 	Function sql_regcase() is deprecated	File: fns_tinybrowser.php	Line: 371	
2011-03-30 11:58:10 (MSD)	8192 	Function sql_regcase() is deprecated	File: fns_tinybrowser.php	Line: 371	
2011-03-30 11:58:10 (MSD)	8192 	Function sql_regcase() is deprecated	File: fns_tinybrowser.php	Line: 371	
2011-03-30 11:58:10 (MSD)	8192 	Function sql_regcase() is deprecated	File: fns_tinybrowser.php	Line: 371	
2011-03-30 11:59:10 (MSD)	8192 	Function sql_regcase() is deprecated	File: fns_tinybrowser.php	Line: 355	
2011-03-30 11:59:10 (MSD)	8192 	Function sql_regcase() is deprecated	File: fns_tinybrowser.php	Line: 355	
2011-03-30 11:59:10 (MSD)	8192 	Function sql_regcase() is deprecated	File: fns_tinybrowser.php	Line: 355	
2011-03-30 11:59:10 (MSD)	8192 	Function sql_regcase() is deprecated	File: fns_tinybrowser.php	Line: 355	
2011-03-30 11:59:10 (MSD)	8192 	Function sql_regcase() is deprecated	File: fns_tinybrowser.php	Line: 371	
2011-03-30 11:59:10 (MSD)	8192 	Function sql_regcase() is deprecated	File: fns_tinybrowser.php	Line: 371	
2011-03-30 11:59:10 (MSD)	8192 	Function sql_regcase() is deprecated	File: fns_tinybrowser.php	Line: 371	
2011-03-30 11:59:10 (MSD)	8192 	Function sql_regcase() is deprecated	File: fns_tinybrowser.php	Line: 371	
2011-03-30 11:59:10 (MSD)	8192 	Function sql_regcase() is deprecated	File: fns_tinybrowser.php	Line: 371	
2011-03-30 11:59:10 (MSD)	8192 	Function sql_regcase() is deprecated	File: fns_tinybrowser.php	Line: 371	
2011-03-30 11:59:10 (MSD)	8192 	Function sql_regcase() is deprecated	File: fns_tinybrowser.php	Line: 371	
2011-03-30 11:59:10 (MSD)	8192 	Function sql_regcase() is deprecated	File: fns_tinybrowser.php	Line: 371	
2011-03-30 11:59:10 (MSD)	8192 	Function sql_regcase() is deprecated	File: fns_tinybrowser.php	Line: 371	
2011-03-30 11:59:10 (MSD)	8192 	Function sql_regcase() is deprecated	File: fns_tinybrowser.php	Line: 371	
2011-03-30 11:59:10 (MSD)	8192 	Function sql_regcase() is deprecated	File: fns_tinybrowser.php	Line: 371	
2011-03-30 11:59:10 (MSD)	8192 	Function sql_regcase() is deprecated	File: fns_tinybrowser.php	Line: 371	
2011-03-30 11:59:10 (MSD)	8192 	Function sql_regcase() is deprecated	File: fns_tinybrowser.php	Line: 371	
2011-03-30 11:59:10 (MSD)	8192 	Function sql_regcase() is deprecated	File: fns_tinybrowser.php	Line: 371	
2011-03-30 11:59:10 (MSD)	8192 	Function sql_regcase() is deprecated	File: fns_tinybrowser.php	Line: 371	
2011-03-30 11:59:10 (MSD)	8192 	Function sql_regcase() is deprecated	File: fns_tinybrowser.php	Line: 371	
2011-03-30 11:59:10 (MSD)	8192 	Function sql_regcase() is deprecated	File: fns_tinybrowser.php	Line: 371	
2011-03-30 11:59:10 (MSD)	8192 	Function sql_regcase() is deprecated	File: fns_tinybrowser.php	Line: 371	
2011-03-30 11:59:10 (MSD)	8192 	Function sql_regcase() is deprecated	File: fns_tinybrowser.php	Line: 371	
2011-03-30 11:59:10 (MSD)	8192 	Function sql_regcase() is deprecated	File: fns_tinybrowser.php	Line: 371	
2011-03-30 11:59:10 (MSD)	8192 	Function sql_regcase() is deprecated	File: fns_tinybrowser.php	Line: 371	
2011-03-30 11:59:10 (MSD)	8192 	Function sql_regcase() is deprecated	File: fns_tinybrowser.php	Line: 371	
2011-03-30 11:59:10 (MSD)	8192 	Function sql_regcase() is deprecated	File: fns_tinybrowser.php	Line: 371	
2011-03-30 11:59:10 (MSD)	8192 	Function sql_regcase() is deprecated	File: fns_tinybrowser.php	Line: 371	
2011-03-30 11:59:10 (MSD)	8192 	Function sql_regcase() is deprecated	File: fns_tinybrowser.php	Line: 371	
2011-03-30 11:59:10 (MSD)	8192 	Function sql_regcase() is deprecated	File: fns_tinybrowser.php	Line: 371	
2011-03-30 11:59:10 (MSD)	8192 	Function sql_regcase() is deprecated	File: fns_tinybrowser.php	Line: 371	
2011-03-30 11:59:10 (MSD)	8192 	Function sql_regcase() is deprecated	File: fns_tinybrowser.php	Line: 371	
2011-03-30 16:57:07 (MSD)	8192 	Function sql_regcase() is deprecated	File: fns_tinybrowser.php	Line: 355	
2011-03-30 16:57:07 (MSD)	8192 	Function sql_regcase() is deprecated	File: fns_tinybrowser.php	Line: 355	
2011-03-30 16:57:07 (MSD)	8192 	Function sql_regcase() is deprecated	File: fns_tinybrowser.php	Line: 355	
2011-03-30 16:57:07 (MSD)	8192 	Function sql_regcase() is deprecated	File: fns_tinybrowser.php	Line: 355	
2011-03-30 16:57:07 (MSD)	8192 	Function sql_regcase() is deprecated	File: fns_tinybrowser.php	Line: 371	
2011-03-30 16:57:07 (MSD)	8192 	Function sql_regcase() is deprecated	File: fns_tinybrowser.php	Line: 371	
2011-03-30 16:57:07 (MSD)	8192 	Function sql_regcase() is deprecated	File: fns_tinybrowser.php	Line: 371	
2011-03-30 16:57:07 (MSD)	8192 	Function sql_regcase() is deprecated	File: fns_tinybrowser.php	Line: 371	
2011-03-30 16:57:07 (MSD)	8192 	Function sql_regcase() is deprecated	File: fns_tinybrowser.php	Line: 371	
2011-03-30 16:57:07 (MSD)	8192 	Function sql_regcase() is deprecated	File: fns_tinybrowser.php	Line: 371	
2011-03-30 16:57:07 (MSD)	8192 	Function sql_regcase() is deprecated	File: fns_tinybrowser.php	Line: 371	
2011-03-30 16:57:07 (MSD)	8192 	Function sql_regcase() is deprecated	File: fns_tinybrowser.php	Line: 371	
2011-03-30 16:57:07 (MSD)	8192 	Function sql_regcase() is deprecated	File: fns_tinybrowser.php	Line: 371	
2011-03-30 16:57:07 (MSD)	8192 	Function sql_regcase() is deprecated	File: fns_tinybrowser.php	Line: 371	
2011-03-30 16:57:07 (MSD)	8192 	Function sql_regcase() is deprecated	File: fns_tinybrowser.php	Line: 371	
2011-03-30 16:57:07 (MSD)	8192 	Function sql_regcase() is deprecated	File: fns_tinybrowser.php	Line: 371	
2011-03-30 16:57:07 (MSD)	8192 	Function sql_regcase() is deprecated	File: fns_tinybrowser.php	Line: 371	
2011-03-30 16:57:07 (MSD)	8192 	Function sql_regcase() is deprecated	File: fns_tinybrowser.php	Line: 371	
2011-03-30 16:57:07 (MSD)	8192 	Function sql_regcase() is deprecated	File: fns_tinybrowser.php	Line: 371	
2011-03-30 16:57:07 (MSD)	8192 	Function sql_regcase() is deprecated	File: fns_tinybrowser.php	Line: 371	
2011-03-30 16:57:07 (MSD)	8192 	Function sql_regcase() is deprecated	File: fns_tinybrowser.php	Line: 371	
2011-03-30 16:57:07 (MSD)	8192 	Function sql_regcase() is deprecated	File: fns_tinybrowser.php	Line: 371	
2011-03-30 16:57:07 (MSD)	8192 	Function sql_regcase() is deprecated	File: fns_tinybrowser.php	Line: 371	
2011-03-30 16:57:07 (MSD)	8192 	Function sql_regcase() is deprecated	File: fns_tinybrowser.php	Line: 371	
2011-03-30 16:57:07 (MSD)	8192 	Function sql_regcase() is deprecated	File: fns_tinybrowser.php	Line: 371	
2011-03-30 16:57:07 (MSD)	8192 	Function sql_regcase() is deprecated	File: fns_tinybrowser.php	Line: 371	
2011-03-30 16:57:07 (MSD)	8192 	Function sql_regcase() is deprecated	File: fns_tinybrowser.php	Line: 371	
2011-03-30 16:57:07 (MSD)	8192 	Function sql_regcase() is deprecated	File: fns_tinybrowser.php	Line: 371	
2011-03-30 16:57:07 (MSD)	8192 	Function sql_regcase() is deprecated	File: fns_tinybrowser.php	Line: 371	
2011-03-30 16:57:07 (MSD)	8192 	Function sql_regcase() is deprecated	File: fns_tinybrowser.php	Line: 371	
2011-03-30 16:57:07 (MSD)	8192 	Function sql_regcase() is deprecated	File: fns_tinybrowser.php	Line: 371	
2011-03-30 16:57:07 (MSD)	8192 	Function sql_regcase() is deprecated	File: fns_tinybrowser.php	Line: 371	
2011-04-02 21:11:19 (MSD)	8192 	Function sql_regcase() is deprecated	File: fns_tinybrowser.php	Line: 355	
2011-04-02 21:11:19 (MSD)	8192 	Function sql_regcase() is deprecated	File: fns_tinybrowser.php	Line: 355	
2011-04-02 21:11:19 (MSD)	8192 	Function sql_regcase() is deprecated	File: fns_tinybrowser.php	Line: 355	
2011-04-02 21:11:19 (MSD)	8192 	Function sql_regcase() is deprecated	File: fns_tinybrowser.php	Line: 355	
2011-04-02 21:11:19 (MSD)	8192 	Function sql_regcase() is deprecated	File: fns_tinybrowser.php	Line: 371	
2011-04-02 21:11:19 (MSD)	8192 	Function sql_regcase() is deprecated	File: fns_tinybrowser.php	Line: 371	
2011-04-02 21:11:19 (MSD)	8192 	Function sql_regcase() is deprecated	File: fns_tinybrowser.php	Line: 371	
2011-04-02 21:11:19 (MSD)	8192 	Function sql_regcase() is deprecated	File: fns_tinybrowser.php	Line: 371	
2011-04-02 21:11:19 (MSD)	8192 	Function sql_regcase() is deprecated	File: fns_tinybrowser.php	Line: 371	
2011-04-02 21:11:19 (MSD)	8192 	Function sql_regcase() is deprecated	File: fns_tinybrowser.php	Line: 371	
2011-04-02 21:11:19 (MSD)	8192 	Function sql_regcase() is deprecated	File: fns_tinybrowser.php	Line: 371	
2011-04-02 21:11:19 (MSD)	8192 	Function sql_regcase() is deprecated	File: fns_tinybrowser.php	Line: 371	
2011-04-02 21:11:19 (MSD)	8192 	Function sql_regcase() is deprecated	File: fns_tinybrowser.php	Line: 371	
2011-04-02 21:11:19 (MSD)	8192 	Function sql_regcase() is deprecated	File: fns_tinybrowser.php	Line: 371	
2011-04-02 21:11:19 (MSD)	8192 	Function sql_regcase() is deprecated	File: fns_tinybrowser.php	Line: 371	
2011-04-02 21:11:19 (MSD)	8192 	Function sql_regcase() is deprecated	File: fns_tinybrowser.php	Line: 371	
2011-04-02 21:11:19 (MSD)	8192 	Function sql_regcase() is deprecated	File: fns_tinybrowser.php	Line: 371	
2011-04-02 21:11:19 (MSD)	8192 	Function sql_regcase() is deprecated	File: fns_tinybrowser.php	Line: 371	
2011-04-02 21:11:19 (MSD)	8192 	Function sql_regcase() is deprecated	File: fns_tinybrowser.php	Line: 371	
2011-04-02 21:11:19 (MSD)	8192 	Function sql_regcase() is deprecated	File: fns_tinybrowser.php	Line: 371	
2011-04-02 21:11:19 (MSD)	8192 	Function sql_regcase() is deprecated	File: fns_tinybrowser.php	Line: 371	
2011-04-02 21:11:19 (MSD)	8192 	Function sql_regcase() is deprecated	File: fns_tinybrowser.php	Line: 371	
2011-04-02 21:11:19 (MSD)	8192 	Function sql_regcase() is deprecated	File: fns_tinybrowser.php	Line: 371	
2011-04-02 21:11:19 (MSD)	8192 	Function sql_regcase() is deprecated	File: fns_tinybrowser.php	Line: 371	
2011-04-02 21:11:19 (MSD)	8192 	Function sql_regcase() is deprecated	File: fns_tinybrowser.php	Line: 371	
2011-04-02 21:11:19 (MSD)	8192 	Function sql_regcase() is deprecated	File: fns_tinybrowser.php	Line: 371	
2011-04-02 21:11:19 (MSD)	8192 	Function sql_regcase() is deprecated	File: fns_tinybrowser.php	Line: 371	
2011-04-02 21:11:19 (MSD)	8192 	Function sql_regcase() is deprecated	File: fns_tinybrowser.php	Line: 371	
2011-04-02 21:11:19 (MSD)	8192 	Function sql_regcase() is deprecated	File: fns_tinybrowser.php	Line: 371	
2011-04-02 21:11:19 (MSD)	8192 	Function sql_regcase() is deprecated	File: fns_tinybrowser.php	Line: 371	
2011-04-02 21:11:19 (MSD)	8192 	Function sql_regcase() is deprecated	File: fns_tinybrowser.php	Line: 371	
2011-04-02 21:11:19 (MSD)	8192 	Function sql_regcase() is deprecated	File: fns_tinybrowser.php	Line: 371	
2011-04-02 21:11:19 (MSD)	8192 	Function sql_regcase() is deprecated	File: fns_tinybrowser.php	Line: 371	
2011-04-02 21:11:19 (MSD)	8192 	Function sql_regcase() is deprecated	File: fns_tinybrowser.php	Line: 371	
2011-04-02 21:11:19 (MSD)	8192 	Function sql_regcase() is deprecated	File: fns_tinybrowser.php	Line: 371	
2011-04-02 21:11:19 (MSD)	8192 	Function sql_regcase() is deprecated	File: fns_tinybrowser.php	Line: 371	
2011-04-02 21:11:19 (MSD)	8192 	Function sql_regcase() is deprecated	File: fns_tinybrowser.php	Line: 371	
2011-04-02 21:11:19 (MSD)	8192 	Function sql_regcase() is deprecated	File: fns_tinybrowser.php	Line: 371	
2011-04-02 21:11:19 (MSD)	8192 	Function sql_regcase() is deprecated	File: fns_tinybrowser.php	Line: 371	
2011-04-02 21:11:19 (MSD)	8192 	Function sql_regcase() is deprecated	File: fns_tinybrowser.php	Line: 371	
2011-04-02 21:11:19 (MSD)	8192 	Function sql_regcase() is deprecated	File: fns_tinybrowser.php	Line: 371	
2011-04-02 21:11:19 (MSD)	8192 	Function sql_regcase() is deprecated	File: fns_tinybrowser.php	Line: 371	
2011-04-02 21:11:19 (MSD)	8192 	Function sql_regcase() is deprecated	File: fns_tinybrowser.php	Line: 371	
2011-04-02 21:11:19 (MSD)	8192 	Function sql_regcase() is deprecated	File: fns_tinybrowser.php	Line: 371	
2011-04-02 21:11:19 (MSD)	8192 	Function sql_regcase() is deprecated	File: fns_tinybrowser.php	Line: 371	
2011-04-02 21:11:19 (MSD)	8192 	Function sql_regcase() is deprecated	File: fns_tinybrowser.php	Line: 371	
2011-04-02 21:11:19 (MSD)	8192 	Function sql_regcase() is deprecated	File: fns_tinybrowser.php	Line: 371	
2011-04-02 21:11:19 (MSD)	8192 	Function sql_regcase() is deprecated	File: fns_tinybrowser.php	Line: 371	
2011-05-13 19:22:20 (EEST)	2 Warning	imagejpeg() [<a href='function.imagejpeg'>function.imagejpeg</a>]: Unable to open '/home/mafia/public_html/mirmafii.com.ua/contents/club18/_thumbs/_bfbe8a83ca8142d2e5ef8bc5f339cdd1.jpg' for writing: No such file or directory	File: fns_tinybrowser.php	Line: 113	
2011-05-13 19:22:20 (EEST)	2 Warning	imagejpeg() [<a href='function.imagejpeg'>function.imagejpeg</a>]: Unable to open '/home/mafia/public_html/mirmafii.com.ua/contents/club18/_thumbs/_x_04990338.jpg' for writing: No such file or directory	File: fns_tinybrowser.php	Line: 113	
2011-05-13 19:22:20 (EEST)	2 Warning	imagejpeg() [<a href='function.imagejpeg'>function.imagejpeg</a>]: Unable to open '/home/mafia/public_html/mirmafii.com.ua/contents/club18/_thumbs/_photo04.jpg' for writing: No such file or directory	File: fns_tinybrowser.php	Line: 113	
2011-05-13 19:22:20 (EEST)	2 Warning	imagejpeg() [<a href='function.imagejpeg'>function.imagejpeg</a>]: Unable to open '/home/mafia/public_html/mirmafii.com.ua/contents/club18/_thumbs/_7eb6a207222b.jpg' for writing: No such file or directory	File: fns_tinybrowser.php	Line: 113	
2011-05-13 19:22:20 (EEST)	2 Warning	imagejpeg() [<a href='function.imagejpeg'>function.imagejpeg</a>]: Unable to open '/home/mafia/public_html/mirmafii.com.ua/contents/club18/_thumbs/_dcc15879c09afb7b65a20ab29a8d8736.jpg' for writing: No such file or directory	File: fns_tinybrowser.php	Line: 113	
2011-05-13 19:22:20 (EEST)	2 Warning	imagejpeg() [<a href='function.imagejpeg'>function.imagejpeg</a>]: Unable to open '/home/mafia/public_html/mirmafii.com.ua/contents/club18/_thumbs/_x_4151bd2d.jpg' for writing: No such file or directory	File: fns_tinybrowser.php	Line: 113	
2011-05-13 19:22:20 (EEST)	2 Warning	imagepng() [<a href='function.imagepng'>function.imagepng</a>]: Unable to open '/home/mafia/public_html/mirmafii.com.ua/contents/club18/_thumbs/_27.jpg' for writing: No such file or directory	File: fns_tinybrowser.php	Line: 117	
2011-05-13 19:22:20 (EEST)	2 Warning	imagejpeg() [<a href='function.imagejpeg'>function.imagejpeg</a>]: Unable to open '/home/mafia/public_html/mirmafii.com.ua/contents/club18/_thumbs/_8.jpg' for writing: No such file or directory	File: fns_tinybrowser.php	Line: 113	
2011-05-13 19:22:20 (EEST)	2 Warning	imagejpeg() [<a href='function.imagejpeg'>function.imagejpeg</a>]: Unable to open '/home/mafia/public_html/mirmafii.com.ua/contents/club18/_thumbs/_pirates.jpg' for writing: No such file or directory	File: fns_tinybrowser.php	Line: 113	
2011-05-13 19:22:20 (EEST)	2 Warning	imagejpeg() [<a href='function.imagejpeg'>function.imagejpeg</a>]: Unable to open '/home/mafia/public_html/mirmafii.com.ua/contents/club18/_thumbs/_33.jpg' for writing: No such file or directory	File: fns_tinybrowser.php	Line: 113	
2012-10-17 15:11:16 (EEST)	8 Notice	Undefined offset:  1	File: fns_tinybrowser.php	Line: 244	
2012-10-17 15:11:16 (EEST)	8 Notice	Undefined offset:  0	File: fns_tinybrowser.php	Line: 340	
